<?xml version="1.0" encoding="UTF-8"?>
<!-- Generated by org.testng.reporters.JUnitReportReporter -->
<testsuite hostname="clix-Inspiron-7560" failures="0" tests="4" name="com.clix.clixoerwebsite.CoolOerHindiResourceFilter" time="4.517" errors="0" timestamp="2022-03-03T19:21:48 IST" skipped="0">
  <testcase classname="com.clix.clixoerwebsite.CoolOerHindiResourceFilter" name="verifyHindiLanguageSupportOptionIsChecked" time="0.385"/>
  <system-out/>
  <testcase classname="com.clix.clixoerwebsite.CoolOerHindiResourceFilter" name="verifyTheResourcesTitleForHindiFilter" time="0.057"/>
  <system-out/>
  <testcase classname="com.clix.clixoerwebsite.CoolOerHindiResourceFilter" name="verifyTheNumberOfLinksOnPageForHindiFilter" time="2.050"/>
  <system-out/>
  <testcase classname="com.clix.clixoerwebsite.CoolOerHindiResourceFilter" name="verifyTheNumberOfResourcesForHindiFilter" time="2.025"/>
  <system-out/>
</testsuite> <!-- com.clix.clixoerwebsite.CoolOerHindiResourceFilter -->
