<?xml version="1.0" encoding="UTF-8"?>
<!-- Generated by org.testng.reporters.JUnitReportReporter -->
<testsuite hostname="clix-Inspiron-7560" failures="0" tests="2" name="com.clix.clixoerwebsite.FooterAboutLinkValidation" time="5.406" errors="0" timestamp="2022-03-03T19:21:48 IST" skipped="0">
  <testcase classname="com.clix.clixoerwebsite.FooterAboutLinkValidation" name="verifyAboutLinkIsDisplayed" time="0.224"/>
  <system-out/>
  <testcase classname="com.clix.clixoerwebsite.FooterAboutLinkValidation" name="verifyAboutLinkValidation" time="5.182"/>
  <system-out/>
</testsuite> <!-- com.clix.clixoerwebsite.FooterAboutLinkValidation -->
