<?xml version="1.0" encoding="UTF-8"?>
<!-- Generated by org.testng.reporters.JUnitReportReporter -->
<testsuite hostname="clix-Inspiron-7560" failures="0" tests="4" name="com.clix.clixoerwebsite.CoolOerTeluguResourceFilter" time="14.534" errors="0" timestamp="2022-01-13T11:48:20 IST" skipped="0">
  <testcase classname="com.clix.clixoerwebsite.CoolOerTeluguResourceFilter" name="verifyTeluguLanguageSupportOptionIsChecked" time="0.379"/>
  <system-out/>
  <testcase classname="com.clix.clixoerwebsite.CoolOerTeluguResourceFilter" name="verifyTheNumberOfResourcesForTeluguFilter" time="12.043"/>
  <system-out/>
  <testcase classname="com.clix.clixoerwebsite.CoolOerTeluguResourceFilter" name="verifyTheResourcesTitleForTeluguFilter" time="0.068"/>
  <system-out/>
  <testcase classname="com.clix.clixoerwebsite.CoolOerTeluguResourceFilter" name="verifyTheNumberOfLinksOnPageForTeluguFilter" time="2.044"/>
  <system-out/>
</testsuite> <!-- com.clix.clixoerwebsite.CoolOerTeluguResourceFilter -->
