<?xml version="1.0" encoding="UTF-8"?>
<!-- Generated by org.testng.reporters.JUnitReportReporter -->
<testsuite hostname="clix-Inspiron-7560" failures="0" tests="2" name="com.clix.clixoerwebsite.FooterPrivacyPolicyLinkValidation" time="19.047" errors="0" timestamp="2022-03-03T19:21:48 IST" skipped="0">
  <testcase classname="com.clix.clixoerwebsite.FooterPrivacyPolicyLinkValidation" name="verifyPrivacyPolicyLinkIsDisplayed" time="0.198"/>
  <system-out/>
  <testcase classname="com.clix.clixoerwebsite.FooterPrivacyPolicyLinkValidation" name="verifyPrivacyPolicyLinkValidation" time="18.849"/>
  <system-out/>
</testsuite> <!-- com.clix.clixoerwebsite.FooterPrivacyPolicyLinkValidation -->
