<?xml version="1.0" encoding="UTF-8"?>
<!-- Generated by org.testng.reporters.JUnitReportReporter -->
<testsuite hostname="clixserver" failures="0" tests="4" name="com.clix.clixoerwebsite.CoolOerHindiResourceFilter" time="4.558" errors="0" timestamp="2021-09-29T13:53:49 IST" skipped="0">
  <testcase classname="com.clix.clixoerwebsite.CoolOerHindiResourceFilter" name="verifyTheNumberOfResourcesForHindiFilter" time="2.066"/>
  <system-out/>
  <testcase classname="com.clix.clixoerwebsite.CoolOerHindiResourceFilter" name="verifyTheNumberOfLinksOnPageForHindiFilter" time="2.038"/>
  <system-out/>
  <testcase classname="com.clix.clixoerwebsite.CoolOerHindiResourceFilter" name="verifyTheResourcesTitleForEnglishFilter" time="0.122"/>
  <system-out/>
  <testcase classname="com.clix.clixoerwebsite.CoolOerHindiResourceFilter" name="verifyHindiLanguageSupportOptionIsChecked" time="0.332"/>
  <system-out/>
</testsuite> <!-- com.clix.clixoerwebsite.CoolOerHindiResourceFilter -->
