<?xml version="1.0" encoding="UTF-8"?>
<!-- Generated by org.testng.reporters.JUnitReportReporter -->
<testsuite hostname="clix-Inspiron-7560" failures="0" tests="5" name="com.clix.clixoerwebsite.Checki2cCheckboxContentinEnglish" time="3.021" errors="0" timestamp="2021-11-17T16:45:42 IST" skipped="0">
  <testcase classname="com.clix.clixoerwebsite.Checki2cCheckboxContentinEnglish" name="basePageNavigation" time="1.302"/>
  <system-out/>
  <testcase classname="com.clix.clixoerwebsite.Checki2cCheckboxContentinEnglish" name="verifyi2cmodulesinEnglishcheckbox" time="0.077"/>
  <system-out/>
  <testcase classname="com.clix.clixoerwebsite.Checki2cCheckboxContentinEnglish" name="counti2cModules" time="1.053"/>
  <system-out/>
  <testcase classname="com.clix.clixoerwebsite.Checki2cCheckboxContentinEnglish" name="countLinks" time="0.054"/>
  <system-out/>
  <testcase classname="com.clix.clixoerwebsite.Checki2cCheckboxContentinEnglish" name="checki2cContentChecked" time="0.535"/>
  <system-out/>
</testsuite> <!-- com.clix.clixoerwebsite.Checki2cCheckboxContentinEnglish -->
