<?xml version="1.0" encoding="UTF-8"?>
<!-- Generated by org.testng.reporters.JUnitReportReporter -->
<testsuite hostname="clix-Inspiron-7560" failures="0" tests="4" name="com.clix.clixoerwebsite.CoolOerArtFilter" time="28.678" errors="0" timestamp="2021-11-17T16:45:42 IST" skipped="0">
  <testcase classname="com.clix.clixoerwebsite.CoolOerArtFilter" name="verifyTheNumberOfLinksForArtFilter" time="0.040"/>
  <system-out/>
  <testcase classname="com.clix.clixoerwebsite.CoolOerArtFilter" name="verifyTheNumberOfResourcesForArtFilter" time="20.107"/>
  <system-out/>
  <testcase classname="com.clix.clixoerwebsite.CoolOerArtFilter" name="verifyTheArtFilterOptionIsChecked" time="8.480"/>
  <system-out/>
  <testcase classname="com.clix.clixoerwebsite.CoolOerArtFilter" name="verifyTheResoucesTitleForArtFilter" time="0.051"/>
  <system-out/>
</testsuite> <!-- com.clix.clixoerwebsite.CoolOerArtFilter -->
