<?xml version="1.0" encoding="UTF-8"?>
<!-- Generated by org.testng.reporters.JUnitReportReporter -->
<testsuite hostname="clixserver" failures="0" tests="2" name="com.clix.clixoerwebsite.FooterTermsOfServiceLinkValidation" time="1.934" errors="0" timestamp="2021-10-18T13:26:00 IST" skipped="0">
  <testcase classname="com.clix.clixoerwebsite.FooterTermsOfServiceLinkValidation" name="verifyTermsOfServiceLinkValidation" time="1.712"/>
  <system-out/>
  <testcase classname="com.clix.clixoerwebsite.FooterTermsOfServiceLinkValidation" name="verifyTermsOfServiceLinkIsDisplayed" time="0.222"/>
  <system-out/>
</testsuite> <!-- com.clix.clixoerwebsite.FooterTermsOfServiceLinkValidation -->
