<?xml version="1.0" encoding="UTF-8"?>
<!-- Generated by org.testng.reporters.JUnitReportReporter -->
<testsuite hostname="clix-Inspiron-7560" failures="0" tests="2" name="com.clix.clixoerwebsite.HomePageModulesCheck" time="2.013" errors="0" timestamp="2021-11-17T16:45:42 IST" skipped="0">
  <testcase classname="com.clix.clixoerwebsite.HomePageModulesCheck" name="checkPrevPaginationDisabled" time="0.250"/>
  <system-out/>
  <testcase classname="com.clix.clixoerwebsite.HomePageModulesCheck" name="checkModuleExist" time="1.763"/>
  <system-out/>
</testsuite> <!-- com.clix.clixoerwebsite.HomePageModulesCheck -->
