<?xml version="1.0" encoding="UTF-8"?>
<!-- Generated by org.testng.reporters.JUnitReportReporter -->
<testsuite hostname="clix-Inspiron-7560" failures="0" tests="2" name="com.clix.clixoerwebsite.HandbooksValidation" time="33.100" errors="0" timestamp="2022-03-03T19:21:48 IST" skipped="0">
  <testcase classname="com.clix.clixoerwebsite.HandbooksValidation" name="checkPaginationInteractives" time="26.522"/>
  <system-out/>
  <testcase classname="com.clix.clixoerwebsite.HandbooksValidation" name="checkModuleExist" time="6.578"/>
  <system-out/>
</testsuite> <!-- com.clix.clixoerwebsite.HandbooksValidation -->
