<?xml version="1.0" encoding="UTF-8"?>
<!-- Generated by org.testng.reporters.JUnitReportReporter -->
<testsuite hostname="clixserver" failures="0" tests="4" name="com.clix.clixoerwebsite.DomainEnglishValidation" time="2.513" errors="0" timestamp="2021-10-18T13:26:00 IST" skipped="0">
  <testcase classname="com.clix.clixoerwebsite.DomainEnglishValidation" name="verifyEnglishOptionUnderDomainIsSelected" time="2.262"/>
  <system-out/>
  <testcase classname="com.clix.clixoerwebsite.DomainEnglishValidation" name="verifyNumberOfLinkOnPage" time="0.099"/>
  <system-out/>
  <testcase classname="com.clix.clixoerwebsite.DomainEnglishValidation" name="verifyTheNameOfEnglishModules" time="0.124"/>
  <system-out/>
  <testcase classname="com.clix.clixoerwebsite.DomainEnglishValidation" name="verifyTheNumberOfEnglishModules" time="0.028"/>
  <system-out/>
</testsuite> <!-- com.clix.clixoerwebsite.DomainEnglishValidation -->
