<?xml version="1.0" encoding="UTF-8"?>
<!-- Generated by org.testng.reporters.JUnitReportReporter -->
<testsuite hostname="clixserver" failures="0" tests="5" name="com.clix.clixoerwebsite.CheckScienceCheckboxContentinEnglish" time="4.028" errors="0" timestamp="2021-10-18T13:26:00 IST" skipped="0">
  <testcase classname="com.clix.clixoerwebsite.CheckScienceCheckboxContentinEnglish" name="basePageNavigation" time="1.616"/>
  <system-out/>
  <testcase classname="com.clix.clixoerwebsite.CheckScienceCheckboxContentinEnglish" name="checkScienceContentChecked" time="2.077"/>
  <system-out/>
  <testcase classname="com.clix.clixoerwebsite.CheckScienceCheckboxContentinEnglish" name="verifySciencemodulesinEnglishcheckbox" time="0.174"/>
  <system-out/>
  <testcase classname="com.clix.clixoerwebsite.CheckScienceCheckboxContentinEnglish" name="countLinks" time="0.040"/>
  <system-out/>
  <testcase classname="com.clix.clixoerwebsite.CheckScienceCheckboxContentinEnglish" name="countScienceModules" time="0.121"/>
  <system-out/>
</testsuite> <!-- com.clix.clixoerwebsite.CheckScienceCheckboxContentinEnglish -->
