<?xml version="1.0" encoding="UTF-8"?>
<!-- Generated by org.testng.reporters.JUnitReportReporter -->
<testsuite hostname="clix-Inspiron-7560" failures="0" tests="2" name="com.clix.clixoerwebsite.FooterTermsOfServiceLinkValidation" time="2.107" errors="0" timestamp="2021-11-17T16:45:42 IST" skipped="0">
  <testcase classname="com.clix.clixoerwebsite.FooterTermsOfServiceLinkValidation" name="verifyTermsOfServiceLinkValidation" time="1.872"/>
  <system-out/>
  <testcase classname="com.clix.clixoerwebsite.FooterTermsOfServiceLinkValidation" name="verifyTermsOfServiceLinkIsDisplayed" time="0.235"/>
  <system-out/>
</testsuite> <!-- com.clix.clixoerwebsite.FooterTermsOfServiceLinkValidation -->
