<?xml version="1.0" encoding="UTF-8"?>
<!-- Generated by org.testng.reporters.JUnitReportReporter -->
<testsuite hostname="clixserver" failures="0" tests="4" name="cucumberOptions.TestRunner" time="42.052" errors="0" timestamp="2021-09-29T13:53:49 IST" skipped="0">
  <testcase classname="cucumberOptions.TestRunner" name="runScenario" time="8.108"/>
  <system-out/>
  <testcase classname="cucumberOptions.TestRunner" name="runScenario" time="17.565"/>
  <system-out/>
  <testcase classname="cucumberOptions.TestRunner" name="runScenario" time="8.393"/>
  <system-out/>
  <testcase classname="cucumberOptions.TestRunner" name="runScenario" time="7.986"/>
  <system-out/>
</testsuite> <!-- cucumberOptions.TestRunner -->
