<?xml version="1.0" encoding="UTF-8"?>
<!-- Generated by org.testng.reporters.JUnitReportReporter -->
<testsuite hostname="clix-Inspiron-7560" failures="0" tests="5" name="com.clix.clixoerwebsite.CheckScienceCheckboxContentinEnglish" time="6.587" errors="0" timestamp="2022-03-03T19:21:48 IST" skipped="0">
  <testcase classname="com.clix.clixoerwebsite.CheckScienceCheckboxContentinEnglish" name="verifySciencemodulesinEnglishcheckbox" time="0.066"/>
  <system-out/>
  <testcase classname="com.clix.clixoerwebsite.CheckScienceCheckboxContentinEnglish" name="checkScienceContentChecked" time="1.767"/>
  <system-out/>
  <testcase classname="com.clix.clixoerwebsite.CheckScienceCheckboxContentinEnglish" name="countScienceModules" time="0.248"/>
  <system-out/>
  <testcase classname="com.clix.clixoerwebsite.CheckScienceCheckboxContentinEnglish" name="basePageNavigation" time="4.476"/>
  <system-out/>
  <testcase classname="com.clix.clixoerwebsite.CheckScienceCheckboxContentinEnglish" name="countLinks" time="0.030"/>
  <system-out/>
</testsuite> <!-- com.clix.clixoerwebsite.CheckScienceCheckboxContentinEnglish -->
