<?xml version="1.0" encoding="UTF-8"?>
<!-- Generated by org.testng.reporters.JUnitReportReporter -->
<testsuite hostname="clix-Inspiron-7560" failures="0" tests="4" name="cucumberOptions.TestRunner" time="291.550" errors="0" timestamp="2022-03-03T19:21:48 IST" skipped="0">
  <testcase classname="cucumberOptions.TestRunner" name="runScenario" time="30.533"/>
  <system-out/>
  <testcase classname="cucumberOptions.TestRunner" name="runScenario" time="26.288"/>
  <system-out/>
  <testcase classname="cucumberOptions.TestRunner" name="runScenario" time="206.474"/>
  <system-out/>
  <testcase classname="cucumberOptions.TestRunner" name="runScenario" time="28.255"/>
  <system-out/>
</testsuite> <!-- cucumberOptions.TestRunner -->
