<?xml version="1.0" encoding="UTF-8"?>
<!-- Generated by org.testng.reporters.JUnitReportReporter -->
<testsuite hostname="clixserver" failures="0" tests="1" name="com.clix.clixoerwebsite.DomainModulesPagination" time="4.821" errors="0" timestamp="2021-09-29T17:04:44 IST" skipped="0">
  <testcase classname="com.clix.clixoerwebsite.DomainModulesPagination" name="verifyThePaginationOptions" time="4.821"/>
  <system-out/>
</testsuite> <!-- com.clix.clixoerwebsite.DomainModulesPagination -->
