<?xml version="1.0" encoding="UTF-8"?>
<!-- Generated by org.testng.reporters.JUnitReportReporter -->
<testsuite hostname="clix-Inspiron-7560" failures="0" tests="4" name="com.clix.clixoerwebsite.CoolOerTeluguResourceFilter" time="14.719" errors="0" timestamp="2021-11-17T16:45:42 IST" skipped="0">
  <testcase classname="com.clix.clixoerwebsite.CoolOerTeluguResourceFilter" name="verifyTeluguLanguageSupportOptionIsChecked" time="0.443"/>
  <system-out/>
  <testcase classname="com.clix.clixoerwebsite.CoolOerTeluguResourceFilter" name="verifyTheNumberOfLinksOnPageForTeluguFilter" time="2.039"/>
  <system-out/>
  <testcase classname="com.clix.clixoerwebsite.CoolOerTeluguResourceFilter" name="verifyTheResourcesTitleForTeluguFilter" time="0.117"/>
  <system-out/>
  <testcase classname="com.clix.clixoerwebsite.CoolOerTeluguResourceFilter" name="verifyTheNumberOfResourcesForTeluguFilter" time="12.120"/>
  <system-out/>
</testsuite> <!-- com.clix.clixoerwebsite.CoolOerTeluguResourceFilter -->
