<?xml version="1.0" encoding="UTF-8"?>
<!-- Generated by org.testng.reporters.JUnitReportReporter -->
<testsuite hostname="clixserver" failures="0" tests="2" name="com.clix.clixoerwebsite.HomePageModulesCheck" time="2.358" errors="0" timestamp="2021-09-29T13:53:49 IST" skipped="0">
  <testcase classname="com.clix.clixoerwebsite.HomePageModulesCheck" name="checkModuleExist" time="1.992"/>
  <system-out/>
  <testcase classname="com.clix.clixoerwebsite.HomePageModulesCheck" name="checkPrevPaginationDisabled" time="0.366"/>
  <system-out/>
</testsuite> <!-- com.clix.clixoerwebsite.HomePageModulesCheck -->
