<?xml version="1.0" encoding="UTF-8"?>
<!-- Generated by org.testng.reporters.JUnitReportReporter -->
<testsuite hostname="clix-Inspiron-7560" failures="0" tests="2" name="com.clix.clixoerwebsite.CheckInteractives" time="29.120" errors="0" timestamp="2022-01-13T11:48:20 IST" skipped="0">
  <testcase classname="com.clix.clixoerwebsite.CheckInteractives" name="checkModuleExist" time="4.966"/>
  <system-out/>
  <testcase classname="com.clix.clixoerwebsite.CheckInteractives" name="checkPaginationInteractives" time="24.154"/>
  <system-out/>
</testsuite> <!-- com.clix.clixoerwebsite.CheckInteractives -->
