<?xml version="1.0" encoding="UTF-8"?>
<!-- Generated by org.testng.reporters.JUnitReportReporter -->
<testsuite hostname="clix-Inspiron-7560" failures="0" tests="4" name="com.clix.clixoerwebsite.CoolOerPunjabiResourceFilter" time="24.695" errors="0" timestamp="2021-11-17T16:45:42 IST" skipped="0">
  <testcase classname="com.clix.clixoerwebsite.CoolOerPunjabiResourceFilter" name="verifyPunjabiLanguageSupportOptionIsChecked" time="0.485"/>
  <system-out/>
  <testcase classname="com.clix.clixoerwebsite.CoolOerPunjabiResourceFilter" name="verifyTheNumberOfResourcesForPunjabiFilter" time="22.119"/>
  <system-out/>
  <testcase classname="com.clix.clixoerwebsite.CoolOerPunjabiResourceFilter" name="verifyTheNumberOfLinksOnPageForPunjabiFilter" time="2.041"/>
  <system-out/>
  <testcase classname="com.clix.clixoerwebsite.CoolOerPunjabiResourceFilter" name="verifyTheResourcesTitleForPunjabiFilter" time="0.050"/>
  <system-out/>
</testsuite> <!-- com.clix.clixoerwebsite.CoolOerPunjabiResourceFilter -->
