<?xml version="1.0" encoding="UTF-8"?>
<!-- Generated by org.testng.reporters.JUnitReportReporter -->
<testsuite skipped="1" hostname="LAPTOP-7SNE49UA" name="resources.ExtentReporterNG" tests="1" failures="0" timestamp="20 Oct 2020 07:44:51 GMT" time="0.000" errors="0">
  <testcase name="initialDemo" time="0.000" classname="resources.ExtentReporterNG">
    <skipped/>
  </testcase> <!-- initialDemo -->
</testsuite> <!-- resources.ExtentReporterNG -->
