<?xml version="1.0" encoding="UTF-8"?>
<!-- Generated by org.testng.reporters.JUnitReportReporter -->
<testsuite hostname="clix-Inspiron-7560" failures="0" tests="5" name="com.clix.clixoerwebsite.CheckScienceCheckboxContentinEnglish" time="3.672" errors="0" timestamp="2021-11-17T16:45:42 IST" skipped="0">
  <testcase classname="com.clix.clixoerwebsite.CheckScienceCheckboxContentinEnglish" name="countLinks" time="0.034"/>
  <system-out/>
  <testcase classname="com.clix.clixoerwebsite.CheckScienceCheckboxContentinEnglish" name="checkScienceContentChecked" time="2.110"/>
  <system-out/>
  <testcase classname="com.clix.clixoerwebsite.CheckScienceCheckboxContentinEnglish" name="basePageNavigation" time="1.288"/>
  <system-out/>
  <testcase classname="com.clix.clixoerwebsite.CheckScienceCheckboxContentinEnglish" name="countScienceModules" time="0.109"/>
  <system-out/>
  <testcase classname="com.clix.clixoerwebsite.CheckScienceCheckboxContentinEnglish" name="verifySciencemodulesinEnglishcheckbox" time="0.131"/>
  <system-out/>
</testsuite> <!-- com.clix.clixoerwebsite.CheckScienceCheckboxContentinEnglish -->
