<?xml version="1.0" encoding="UTF-8"?>
<!-- Generated by org.testng.reporters.JUnitReportReporter -->
<testsuite hostname="clix-Inspiron-7560" failures="0" tests="4" name="com.clix.clixoerwebsite.CoolOerArtFilter" time="28.601" errors="0" timestamp="2022-01-13T11:48:20 IST" skipped="0">
  <testcase classname="com.clix.clixoerwebsite.CoolOerArtFilter" name="verifyTheNumberOfResourcesForArtFilter" time="20.037"/>
  <system-out/>
  <testcase classname="com.clix.clixoerwebsite.CoolOerArtFilter" name="verifyTheResoucesTitleForArtFilter" time="0.050"/>
  <system-out/>
  <testcase classname="com.clix.clixoerwebsite.CoolOerArtFilter" name="verifyTheArtFilterOptionIsChecked" time="8.474"/>
  <system-out/>
  <testcase classname="com.clix.clixoerwebsite.CoolOerArtFilter" name="verifyTheNumberOfLinksForArtFilter" time="0.040"/>
  <system-out/>
</testsuite> <!-- com.clix.clixoerwebsite.CoolOerArtFilter -->
