<?xml version="1.0" encoding="UTF-8"?>
<!-- Generated by org.testng.reporters.JUnitReportReporter -->
<testsuite hostname="clix-Inspiron-7560" failures="0" tests="2" name="com.clix.clixoerwebsite.FooterCreditLinkValidation" time="2.449" errors="0" timestamp="2021-11-17T16:45:42 IST" skipped="0">
  <testcase classname="com.clix.clixoerwebsite.FooterCreditLinkValidation" name="verifyCreditLinkValidation" time="2.067"/>
  <system-out/>
  <testcase classname="com.clix.clixoerwebsite.FooterCreditLinkValidation" name="verifyCreditLinkIsDisplayed" time="0.382"/>
  <system-out/>
</testsuite> <!-- com.clix.clixoerwebsite.FooterCreditLinkValidation -->
