<?xml version="1.0" encoding="UTF-8"?>
<!-- Generated by org.testng.reporters.JUnitReportReporter -->
<testsuite hostname="clixserver" failures="0" tests="4" name="com.clix.clixoerwebsite.CoolOerHindiResourceFilter" time="4.546" errors="0" timestamp="2021-10-18T13:26:00 IST" skipped="0">
  <testcase classname="com.clix.clixoerwebsite.CoolOerHindiResourceFilter" name="verifyTheResourcesTitleForEnglishFilter" time="0.125"/>
  <system-out/>
  <testcase classname="com.clix.clixoerwebsite.CoolOerHindiResourceFilter" name="verifyTheNumberOfResourcesForHindiFilter" time="2.054"/>
  <system-out/>
  <testcase classname="com.clix.clixoerwebsite.CoolOerHindiResourceFilter" name="verifyHindiLanguageSupportOptionIsChecked" time="0.332"/>
  <system-out/>
  <testcase classname="com.clix.clixoerwebsite.CoolOerHindiResourceFilter" name="verifyTheNumberOfLinksOnPageForHindiFilter" time="2.035"/>
  <system-out/>
</testsuite> <!-- com.clix.clixoerwebsite.CoolOerHindiResourceFilter -->
