<?xml version="1.0" encoding="UTF-8"?>
<!-- Generated by org.testng.reporters.JUnitReportReporter -->
<testsuite hostname="clixserver" failures="0" tests="2" name="com.clix.clixoerwebsite.CheckInteractives" time="23.789" errors="0" timestamp="2021-10-18T13:26:00 IST" skipped="0">
  <testcase classname="com.clix.clixoerwebsite.CheckInteractives" name="checkModuleExist" time="1.911"/>
  <system-out/>
  <testcase classname="com.clix.clixoerwebsite.CheckInteractives" name="checkPaginationInteractives" time="21.878"/>
  <system-out/>
</testsuite> <!-- com.clix.clixoerwebsite.CheckInteractives -->
