<?xml version="1.0" encoding="UTF-8"?>
<!-- Generated by org.testng.reporters.JUnitReportReporter -->
<testsuite hostname="clix-Inspiron-7560" failures="0" tests="1" name="com.clix.clixoerwebsite.HomePageLinks" time="0.371" errors="0" timestamp="2022-01-13T11:48:20 IST" skipped="0">
  <testcase classname="com.clix.clixoerwebsite.HomePageLinks" name="countLinkss" time="0.371"/>
  <system-out/>
</testsuite> <!-- com.clix.clixoerwebsite.HomePageLinks -->
