<?xml version="1.0" encoding="UTF-8"?>
<!-- Generated by org.testng.reporters.JUnitReportReporter -->
<testsuite hostname="clix-Inspiron-7560" failures="0" tests="4" name="com.clix.clixoerwebsite.CoolOerEnglishResourceFilter" time="4.538" errors="0" timestamp="2022-01-13T11:48:20 IST" skipped="0">
  <testcase classname="com.clix.clixoerwebsite.CoolOerEnglishResourceFilter" name="verifyEnglishLanguageSupportOptionIsChecked" time="0.378"/>
  <system-out/>
  <testcase classname="com.clix.clixoerwebsite.CoolOerEnglishResourceFilter" name="verifyTheNumberOfLinksOnPageForEnglishFilter" time="2.051"/>
  <system-out/>
  <testcase classname="com.clix.clixoerwebsite.CoolOerEnglishResourceFilter" name="verifyTheNumberOfResourcesForEnglishFilter" time="2.037"/>
  <system-out/>
  <testcase classname="com.clix.clixoerwebsite.CoolOerEnglishResourceFilter" name="verifyTheResourcesTitleForEnglishFilter" time="0.072"/>
  <system-out/>
</testsuite> <!-- com.clix.clixoerwebsite.CoolOerEnglishResourceFilter -->
