<?xml version="1.0" encoding="UTF-8"?>
<!-- Generated by org.testng.reporters.JUnitReportReporter -->
<testsuite hostname="clix-Inspiron-7560" failures="0" tests="5" name="com.clix.clixoerwebsite.CheckScienceCheckboxContentinEnglish" time="6.122" errors="0" timestamp="2022-01-13T11:48:20 IST" skipped="0">
  <testcase classname="com.clix.clixoerwebsite.CheckScienceCheckboxContentinEnglish" name="checkScienceContentChecked" time="1.588"/>
  <system-out/>
  <testcase classname="com.clix.clixoerwebsite.CheckScienceCheckboxContentinEnglish" name="verifySciencemodulesinEnglishcheckbox" time="0.085"/>
  <system-out/>
  <testcase classname="com.clix.clixoerwebsite.CheckScienceCheckboxContentinEnglish" name="basePageNavigation" time="4.157"/>
  <system-out/>
  <testcase classname="com.clix.clixoerwebsite.CheckScienceCheckboxContentinEnglish" name="countScienceModules" time="0.255"/>
  <system-out/>
  <testcase classname="com.clix.clixoerwebsite.CheckScienceCheckboxContentinEnglish" name="countLinks" time="0.037"/>
  <system-out/>
</testsuite> <!-- com.clix.clixoerwebsite.CheckScienceCheckboxContentinEnglish -->
