<?xml version="1.0" encoding="UTF-8"?>
<!-- Generated by org.testng.reporters.JUnitReportReporter -->
<testsuite hostname="clix-Inspiron-7560" failures="0" tests="4" name="com.clix.clixoerwebsite.CoolOerMathematicsFilter" time="28.626" errors="0" timestamp="2022-03-03T19:21:48 IST" skipped="0">
  <testcase classname="com.clix.clixoerwebsite.CoolOerMathematicsFilter" name="verifyTheNumberOfLinksForMathematicsFilter" time="0.045"/>
  <system-out/>
  <testcase classname="com.clix.clixoerwebsite.CoolOerMathematicsFilter" name="verifyTheMathematicsFilterOptionIsChecked" time="8.422"/>
  <system-out/>
  <testcase classname="com.clix.clixoerwebsite.CoolOerMathematicsFilter" name="verifyTheNumberOfResourcesForMathematicsFilter" time="20.028"/>
  <system-out/>
  <testcase classname="com.clix.clixoerwebsite.CoolOerMathematicsFilter" name="verifyTheResoucesTitleForMathematicsFilter" time="0.131"/>
  <system-out/>
</testsuite> <!-- com.clix.clixoerwebsite.CoolOerMathematicsFilter -->
