<?xml version="1.0" encoding="UTF-8"?>
<!-- Generated by org.testng.reporters.JUnitReportReporter -->
<testsuite hostname="clix-Inspiron-7560" failures="0" tests="1" name="com.clix.clixoerwebsite.CheckPaginationContent" time="27.212" errors="0" timestamp="2021-11-17T16:45:42 IST" skipped="0">
  <testcase classname="com.clix.clixoerwebsite.CheckPaginationContent" name="checkPagnationExists" time="27.212"/>
  <system-out/>
</testsuite> <!-- com.clix.clixoerwebsite.CheckPaginationContent -->
