<?xml version="1.0" encoding="UTF-8"?>
<!-- Generated by org.testng.reporters.JUnitReportReporter -->
<testsuite skipped="0" hostname="LAPTOP-7SNE49UA" name="com.clix.clixoerwebsite.HandbooksValidation" tests="2" failures="0" timestamp="04 May 2021 04:34:48 GMT" time="22.702" errors="0">
  <testcase name="checkPaginationInteractives" time="21.175" classname="com.clix.clixoerwebsite.HandbooksValidation"/>
  <testcase name="checkModuleExist" time="1.527" classname="com.clix.clixoerwebsite.HandbooksValidation"/>
</testsuite> <!-- com.clix.clixoerwebsite.HandbooksValidation -->
