<?xml version="1.0" encoding="UTF-8"?>
<!-- Generated by org.testng.reporters.JUnitReportReporter -->
<testsuite hostname="clixserver" failures="0" tests="4" name="com.clix.clixoerwebsite.CoolOerEnglishResourceFilter" time="4.535" errors="0" timestamp="2021-10-18T13:26:00 IST" skipped="0">
  <testcase classname="com.clix.clixoerwebsite.CoolOerEnglishResourceFilter" name="verifyEnglishLanguageSupportOptionIsChecked" time="0.299"/>
  <system-out/>
  <testcase classname="com.clix.clixoerwebsite.CoolOerEnglishResourceFilter" name="verifyTheNumberOfResourcesForEnglishFilter" time="2.055"/>
  <system-out/>
  <testcase classname="com.clix.clixoerwebsite.CoolOerEnglishResourceFilter" name="verifyTheResourcesTitleForEnglishFilter" time="0.146"/>
  <system-out/>
  <testcase classname="com.clix.clixoerwebsite.CoolOerEnglishResourceFilter" name="verifyTheNumberOfLinksOnPageForEnglishFilter" time="2.035"/>
  <system-out/>
</testsuite> <!-- com.clix.clixoerwebsite.CoolOerEnglishResourceFilter -->
