<?xml version="1.0" encoding="UTF-8"?>
<!-- Generated by org.testng.reporters.JUnitReportReporter -->
<testsuite hostname="clixserver" failures="0" tests="4" name="com.clix.clixoerwebsite.CoolOerEnglishResourceFilter" time="4.621" errors="0" timestamp="2021-09-29T13:53:49 IST" skipped="0">
  <testcase classname="com.clix.clixoerwebsite.CoolOerEnglishResourceFilter" name="verifyTheNumberOfResourcesForEnglishFilter" time="2.062"/>
  <system-out/>
  <testcase classname="com.clix.clixoerwebsite.CoolOerEnglishResourceFilter" name="verifyTheNumberOfLinksOnPageForEnglishFilter" time="2.038"/>
  <system-out/>
  <testcase classname="com.clix.clixoerwebsite.CoolOerEnglishResourceFilter" name="verifyEnglishLanguageSupportOptionIsChecked" time="0.361"/>
  <system-out/>
  <testcase classname="com.clix.clixoerwebsite.CoolOerEnglishResourceFilter" name="verifyTheResourcesTitleForEnglishFilter" time="0.160"/>
  <system-out/>
</testsuite> <!-- com.clix.clixoerwebsite.CoolOerEnglishResourceFilter -->
