<?xml version="1.0" encoding="UTF-8"?>
<!-- Generated by org.testng.reporters.JUnitReportReporter -->
<testsuite hostname="clix-Inspiron-7560" failures="0" tests="5" name="com.clix.clixoerwebsite.CheckMathsCheckboxContentinEnglish" time="6.308" errors="0" timestamp="2022-01-13T11:48:20 IST" skipped="0">
  <testcase classname="com.clix.clixoerwebsite.CheckMathsCheckboxContentinEnglish" name="verifyMathsmodulesinEnglishcheckbox" time="0.171"/>
  <system-out/>
  <testcase classname="com.clix.clixoerwebsite.CheckMathsCheckboxContentinEnglish" name="countMathsModules" time="0.246"/>
  <system-out/>
  <testcase classname="com.clix.clixoerwebsite.CheckMathsCheckboxContentinEnglish" name="countLinks" time="0.031"/>
  <system-out/>
  <testcase classname="com.clix.clixoerwebsite.CheckMathsCheckboxContentinEnglish" name="basePageNavigation" time="4.411"/>
  <system-out/>
  <testcase classname="com.clix.clixoerwebsite.CheckMathsCheckboxContentinEnglish" name="checkMathsContentChecked" time="1.449"/>
  <system-out/>
</testsuite> <!-- com.clix.clixoerwebsite.CheckMathsCheckboxContentinEnglish -->
