<?xml version="1.0" encoding="UTF-8"?>
<!-- Generated by org.testng.reporters.JUnitReportReporter -->
<testsuite hostname="clix-Inspiron-7560" failures="0" tests="2" name="com.clix.clixoerwebsite.FooterPrivacyPolicyLinkValidation" time="2.051" errors="0" timestamp="2021-11-17T16:45:42 IST" skipped="0">
  <testcase classname="com.clix.clixoerwebsite.FooterPrivacyPolicyLinkValidation" name="verifyPrivacyPolicyLinkIsDisplayed" time="0.305"/>
  <system-out/>
  <testcase classname="com.clix.clixoerwebsite.FooterPrivacyPolicyLinkValidation" name="verifyPrivacyPolicyLinkValidation" time="1.746"/>
  <system-out/>
</testsuite> <!-- com.clix.clixoerwebsite.FooterPrivacyPolicyLinkValidation -->
