<?xml version="1.0" encoding="UTF-8"?>
<!-- Generated by org.testng.reporters.JUnitReportReporter -->
<testsuite skipped="2" hostname="LAPTOP-7SNE49UA" name="com.clix.clixoerwebsite.ValidateContactus" tests="2" failures="0" timestamp="20 Oct 2020 07:44:51 GMT" time="0.000" errors="0">
  <testcase name="basePageNavigation" time="0.000" classname="com.clix.clixoerwebsite.ValidateContactus">
    <skipped/>
  </testcase> <!-- basePageNavigation -->
  <testcase name="basePageNavigation" time="0.000" classname="com.clix.clixoerwebsite.ValidateContactus">
    <skipped/>
  </testcase> <!-- basePageNavigation -->
</testsuite> <!-- com.clix.clixoerwebsite.ValidateContactus -->
