<?xml version="1.0" encoding="UTF-8"?>
<!-- Generated by org.testng.reporters.JUnitReportReporter -->
<testsuite hostname="clix-Inspiron-7560" failures="0" tests="4" name="com.clix.clixoerwebsite.DomainMathValidation" time="8.839" errors="0" timestamp="2021-11-17T16:45:42 IST" skipped="0">
  <testcase classname="com.clix.clixoerwebsite.DomainMathValidation" name="verifyTheNumberOfMathModules" time="0.024"/>
  <system-out/>
  <testcase classname="com.clix.clixoerwebsite.DomainMathValidation" name="verifyTheTitleOfMathModulePage" time="0.126"/>
  <system-out/>
  <testcase classname="com.clix.clixoerwebsite.DomainMathValidation" name="verifyTheNumberOfLinksOnPage" time="0.086"/>
  <system-out/>
  <testcase classname="com.clix.clixoerwebsite.DomainMathValidation" name="verifyDomainMathOptionIsSelected" time="8.603"/>
  <system-out/>
</testsuite> <!-- com.clix.clixoerwebsite.DomainMathValidation -->
