<?xml version="1.0" encoding="UTF-8"?>
<!-- Generated by org.testng.reporters.JUnitReportReporter -->
<testsuite hostname="clix-Inspiron-7560" failures="0" tests="2" name="com.clix.clixoerwebsite.FooterCreditLinkValidation" time="21.683" errors="0" timestamp="2022-03-03T19:21:48 IST" skipped="0">
  <testcase classname="com.clix.clixoerwebsite.FooterCreditLinkValidation" name="verifyCreditLinkIsDisplayed" time="0.132"/>
  <system-out/>
  <testcase classname="com.clix.clixoerwebsite.FooterCreditLinkValidation" name="verifyCreditLinkValidation" time="21.551"/>
  <system-out/>
</testsuite> <!-- com.clix.clixoerwebsite.FooterCreditLinkValidation -->
