<?xml version="1.0" encoding="UTF-8"?>
<!-- Generated by org.testng.reporters.JUnitReportReporter -->
<testsuite hostname="clix-Inspiron-7560" failures="0" tests="4" name="com.clix.clixoerwebsite.CoolOerTamilResourceFilter" time="14.584" errors="0" timestamp="2022-01-13T11:48:20 IST" skipped="0">
  <testcase classname="com.clix.clixoerwebsite.CoolOerTamilResourceFilter" name="verifyTheResourcesTitleForTamilFilter" time="0.064"/>
  <system-out/>
  <testcase classname="com.clix.clixoerwebsite.CoolOerTamilResourceFilter" name="verifyTamilLanguageSupportOptionIsChecked" time="0.426"/>
  <system-out/>
  <testcase classname="com.clix.clixoerwebsite.CoolOerTamilResourceFilter" name="verifyTheNumberOfResourcesForTamilFilter" time="12.046"/>
  <system-out/>
  <testcase classname="com.clix.clixoerwebsite.CoolOerTamilResourceFilter" name="verifyTheNumberOfLinksOnPageForTamilFilter" time="2.048"/>
  <system-out/>
</testsuite> <!-- com.clix.clixoerwebsite.CoolOerTamilResourceFilter -->
