<?xml version="1.0" encoding="UTF-8"?>
<!-- Generated by org.testng.reporters.JUnitReportReporter -->
<testsuite hostname="clix-Inspiron-7560" failures="0" tests="4" name="com.clix.clixoerwebsite.CoolOerPunjabiResourceFilter" time="24.532" errors="0" timestamp="2022-01-13T11:48:20 IST" skipped="0">
  <testcase classname="com.clix.clixoerwebsite.CoolOerPunjabiResourceFilter" name="verifyTheNumberOfResourcesForPunjabiFilter" time="22.035"/>
  <system-out/>
  <testcase classname="com.clix.clixoerwebsite.CoolOerPunjabiResourceFilter" name="verifyPunjabiLanguageSupportOptionIsChecked" time="0.406"/>
  <system-out/>
  <testcase classname="com.clix.clixoerwebsite.CoolOerPunjabiResourceFilter" name="verifyTheResourcesTitleForPunjabiFilter" time="0.052"/>
  <system-out/>
  <testcase classname="com.clix.clixoerwebsite.CoolOerPunjabiResourceFilter" name="verifyTheNumberOfLinksOnPageForPunjabiFilter" time="2.039"/>
  <system-out/>
</testsuite> <!-- com.clix.clixoerwebsite.CoolOerPunjabiResourceFilter -->
