<?xml version="1.0" encoding="UTF-8"?>
<!-- Generated by org.testng.reporters.JUnitReportReporter -->
<testsuite hostname="clixserver" failures="0" tests="2" name="com.clix.clixoerwebsite.AboutPageTest" time="14.359" errors="0" timestamp="2021-10-14T16:12:16 IST" skipped="0">
  <testcase classname="com.clix.clixoerwebsite.AboutPageTest" name="basePageNavigation" time="8.580"/>
  <system-out/>
  <testcase classname="com.clix.clixoerwebsite.AboutPageTest" name="basePageNavigation" time="5.779"/>
  <system-out/>
</testsuite> <!-- com.clix.clixoerwebsite.AboutPageTest -->
