<?xml version="1.0" encoding="UTF-8"?>
<!-- Generated by org.testng.reporters.JUnitReportReporter -->
<testsuite hostname="clix-Inspiron-7560" failures="0" tests="2" name="com.clix.clixoerwebsite.FooterAboutLinkValidation" time="9.696" errors="0" timestamp="2021-11-17T16:45:42 IST" skipped="0">
  <testcase classname="com.clix.clixoerwebsite.FooterAboutLinkValidation" name="verifyAboutLinkIsDisplayed" time="0.339"/>
  <system-out/>
  <testcase classname="com.clix.clixoerwebsite.FooterAboutLinkValidation" name="verifyAboutLinkValidation" time="9.357"/>
  <system-out/>
</testsuite> <!-- com.clix.clixoerwebsite.FooterAboutLinkValidation -->
