<?xml version="1.0" encoding="UTF-8"?>
<!-- Generated by org.testng.reporters.JUnitReportReporter -->
<testsuite hostname="clixserver" failures="0" tests="4" name="com.clix.clixoerwebsite.DomainMathValidation" time="2.725" errors="0" timestamp="2021-10-18T13:26:00 IST" skipped="0">
  <testcase classname="com.clix.clixoerwebsite.DomainMathValidation" name="verifyDomainMathOptionIsSelected" time="2.552"/>
  <system-out/>
  <testcase classname="com.clix.clixoerwebsite.DomainMathValidation" name="verifyTheTitleOfMathModulePage" time="0.113"/>
  <system-out/>
  <testcase classname="com.clix.clixoerwebsite.DomainMathValidation" name="verifyTheNumberOfMathModules" time="0.019"/>
  <system-out/>
  <testcase classname="com.clix.clixoerwebsite.DomainMathValidation" name="verifyTheNumberOfLinksOnPage" time="0.041"/>
  <system-out/>
</testsuite> <!-- com.clix.clixoerwebsite.DomainMathValidation -->
