<?xml version="1.0" encoding="UTF-8"?>
<!-- Generated by org.testng.reporters.JUnitReportReporter -->
<testsuite hostname="clixserver" failures="0" tests="4" name="com.clix.clixoerwebsite.CoolOerTeluguResourceFilter" time="14.501" errors="0" timestamp="2021-09-29T13:53:49 IST" skipped="0">
  <testcase classname="com.clix.clixoerwebsite.CoolOerTeluguResourceFilter" name="verifyTheNumberOfLinksOnPageForTeluguFilter" time="2.031"/>
  <system-out/>
  <testcase classname="com.clix.clixoerwebsite.CoolOerTeluguResourceFilter" name="verifyTheNumberOfResourcesForTeluguFilter" time="12.045"/>
  <system-out/>
  <testcase classname="com.clix.clixoerwebsite.CoolOerTeluguResourceFilter" name="verifyTeluguLanguageSupportOptionIsChecked" time="0.333"/>
  <system-out/>
  <testcase classname="com.clix.clixoerwebsite.CoolOerTeluguResourceFilter" name="verifyTheResourcesTitleForTeluguFilter" time="0.092"/>
  <system-out/>
</testsuite> <!-- com.clix.clixoerwebsite.CoolOerTeluguResourceFilter -->
