<?xml version="1.0" encoding="UTF-8"?>
<!-- Generated by org.testng.reporters.JUnitReportReporter -->
<testsuite hostname="clix-Inspiron-7560" failures="0" tests="4" name="com.clix.clixoerwebsite.CoolOerHindiResourceFilter" time="4.547" errors="0" timestamp="2022-01-13T11:48:20 IST" skipped="0">
  <testcase classname="com.clix.clixoerwebsite.CoolOerHindiResourceFilter" name="verifyHindiLanguageSupportOptionIsChecked" time="0.391"/>
  <system-out/>
  <testcase classname="com.clix.clixoerwebsite.CoolOerHindiResourceFilter" name="verifyTheNumberOfResourcesForHindiFilter" time="2.038"/>
  <system-out/>
  <testcase classname="com.clix.clixoerwebsite.CoolOerHindiResourceFilter" name="verifyTheNumberOfLinksOnPageForHindiFilter" time="2.058"/>
  <system-out/>
  <testcase classname="com.clix.clixoerwebsite.CoolOerHindiResourceFilter" name="verifyTheResourcesTitleForHindiFilter" time="0.060"/>
  <system-out/>
</testsuite> <!-- com.clix.clixoerwebsite.CoolOerHindiResourceFilter -->
