<?xml version="1.0" encoding="UTF-8"?>
<!-- Generated by org.testng.reporters.JUnitReportReporter -->
<testsuite hostname="clix-Inspiron-7560" failures="0" tests="2" name="com.clix.clixoerwebsite.CheckInteractives" time="24.504" errors="0" timestamp="2021-11-17T16:45:42 IST" skipped="0">
  <testcase classname="com.clix.clixoerwebsite.CheckInteractives" name="checkModuleExist" time="1.916"/>
  <system-out/>
  <testcase classname="com.clix.clixoerwebsite.CheckInteractives" name="checkPaginationInteractives" time="22.588"/>
  <system-out/>
</testsuite> <!-- com.clix.clixoerwebsite.CheckInteractives -->
