<?xml version="1.0" encoding="UTF-8"?>
<!-- Generated by org.testng.reporters.JUnitReportReporter -->
<testsuite skipped="5" hostname="LAPTOP-7SNE49UA" name="com.clix.clixoerwebsite.HomePage" tests="5" failures="0" timestamp="20 Oct 2020 07:44:51 GMT" time="0.000" errors="0">
  <testcase name="checkEnglishContentChecked" time="0.000" classname="com.clix.clixoerwebsite.HomePage">
    <skipped/>
  </testcase> <!-- checkEnglishContentChecked -->
  <testcase name="verifyEnglishmodulesinEnglishcheckbox" time="0.000" classname="com.clix.clixoerwebsite.HomePage">
    <skipped/>
  </testcase> <!-- verifyEnglishmodulesinEnglishcheckbox -->
  <testcase name="basePageNavigation" time="0.000" classname="com.clix.clixoerwebsite.HomePage">
    <skipped/>
  </testcase> <!-- basePageNavigation -->
  <testcase name="countLinks" time="0.000" classname="com.clix.clixoerwebsite.HomePage">
    <skipped/>
  </testcase> <!-- countLinks -->
  <testcase name="countEnglishModules" time="0.000" classname="com.clix.clixoerwebsite.HomePage">
    <skipped/>
  </testcase> <!-- countEnglishModules -->
</testsuite> <!-- com.clix.clixoerwebsite.HomePage -->
