<?xml version="1.0" encoding="UTF-8"?>
<!-- Generated by org.testng.reporters.JUnitReportReporter -->
<testsuite hostname="clix-Inspiron-7560" failures="0" tests="2" name="com.clix.clixoerwebsite.FooterContactUsLinkValidation" time="20.997" errors="0" timestamp="2022-03-03T19:21:48 IST" skipped="0">
  <testcase classname="com.clix.clixoerwebsite.FooterContactUsLinkValidation" name="verifyContactUsLinkIsDisplayed" time="0.123"/>
  <system-out/>
  <testcase classname="com.clix.clixoerwebsite.FooterContactUsLinkValidation" name="verifyContactUsLinkValidation" time="20.874"/>
  <system-out/>
</testsuite> <!-- com.clix.clixoerwebsite.FooterContactUsLinkValidation -->
