<?xml version="1.0" encoding="UTF-8"?>
<!-- Generated by org.testng.reporters.JUnitReportReporter -->
<testsuite hostname="clix-Inspiron-7560" failures="0" tests="4" name="com.clix.clixoerwebsite.CoolOerArtFilter" time="28.588" errors="0" timestamp="2022-03-03T19:21:48 IST" skipped="0">
  <testcase classname="com.clix.clixoerwebsite.CoolOerArtFilter" name="verifyTheNumberOfResourcesForArtFilter" time="20.053"/>
  <system-out/>
  <testcase classname="com.clix.clixoerwebsite.CoolOerArtFilter" name="verifyTheNumberOfLinksForArtFilter" time="0.074"/>
  <system-out/>
  <testcase classname="com.clix.clixoerwebsite.CoolOerArtFilter" name="verifyTheResoucesTitleForArtFilter" time="0.095"/>
  <system-out/>
  <testcase classname="com.clix.clixoerwebsite.CoolOerArtFilter" name="verifyTheArtFilterOptionIsChecked" time="8.366"/>
  <system-out/>
</testsuite> <!-- com.clix.clixoerwebsite.CoolOerArtFilter -->
