<?xml version="1.0" encoding="UTF-8"?>
<!-- Generated by org.testng.reporters.JUnitReportReporter -->
<testsuite hostname="clix-Inspiron-7560" failures="0" tests="4" name="com.clix.clixoerwebsite.CoolOerMultipleSubjectFilter" time="10.625" errors="0" timestamp="2022-01-13T11:48:20 IST" skipped="0">
  <testcase classname="com.clix.clixoerwebsite.CoolOerMultipleSubjectFilter" name="verifyMultipleSubjectOptionIsChecked" time="8.453"/>
  <system-out/>
  <testcase classname="com.clix.clixoerwebsite.CoolOerMultipleSubjectFilter" name="verifyTheNumberOfLinksForMultipleSubjectFilter" time="2.063"/>
  <system-out/>
  <testcase classname="com.clix.clixoerwebsite.CoolOerMultipleSubjectFilter" name="verifyTheResourceTitleForMultipleSubjectFilter" time="0.078"/>
  <system-out/>
  <testcase classname="com.clix.clixoerwebsite.CoolOerMultipleSubjectFilter" name="verifyNumberOfResourcesForMultipleSubjectsFilter" time="0.031"/>
  <system-out/>
</testsuite> <!-- com.clix.clixoerwebsite.CoolOerMultipleSubjectFilter -->
