<?xml version="1.0" encoding="UTF-8"?>
<!-- Generated by org.testng.reporters.JUnitReportReporter -->
<testsuite hostname="clixserver" failures="0" tests="4" name="com.clix.clixoerwebsite.CoolOerTeluguResourceFilter" time="14.554" errors="0" timestamp="2021-10-18T13:26:00 IST" skipped="0">
  <testcase classname="com.clix.clixoerwebsite.CoolOerTeluguResourceFilter" name="verifyTeluguLanguageSupportOptionIsChecked" time="0.369"/>
  <system-out/>
  <testcase classname="com.clix.clixoerwebsite.CoolOerTeluguResourceFilter" name="verifyTheNumberOfLinksOnPageForTeluguFilter" time="2.033"/>
  <system-out/>
  <testcase classname="com.clix.clixoerwebsite.CoolOerTeluguResourceFilter" name="verifyTheNumberOfResourcesForTeluguFilter" time="12.050"/>
  <system-out/>
  <testcase classname="com.clix.clixoerwebsite.CoolOerTeluguResourceFilter" name="verifyTheResourcesTitleForTeluguFilter" time="0.102"/>
  <system-out/>
</testsuite> <!-- com.clix.clixoerwebsite.CoolOerTeluguResourceFilter -->
