<?xml version="1.0" encoding="UTF-8"?>
<!-- Generated by org.testng.reporters.JUnitReportReporter -->
<testsuite hostname="clix-Inspiron-7560" failures="0" tests="5" name="com.clix.clixoerwebsite.CheckEnglishCheckboxContentinEnglish" time="3.002" errors="0" timestamp="2021-11-17T16:45:42 IST" skipped="0">
  <testcase classname="com.clix.clixoerwebsite.CheckEnglishCheckboxContentinEnglish" name="countLinks" time="0.034"/>
  <system-out/>
  <testcase classname="com.clix.clixoerwebsite.CheckEnglishCheckboxContentinEnglish" name="basePageNavigation" time="1.445"/>
  <system-out/>
  <testcase classname="com.clix.clixoerwebsite.CheckEnglishCheckboxContentinEnglish" name="checkEnglishContentChecked" time="1.267"/>
  <system-out/>
  <testcase classname="com.clix.clixoerwebsite.CheckEnglishCheckboxContentinEnglish" name="verifyEnglishmodulesinEnglishcheckbox" time="0.138"/>
  <system-out/>
  <testcase classname="com.clix.clixoerwebsite.CheckEnglishCheckboxContentinEnglish" name="countEnglishModules" time="0.118"/>
  <system-out/>
</testsuite> <!-- com.clix.clixoerwebsite.CheckEnglishCheckboxContentinEnglish -->
