<?xml version="1.0" encoding="UTF-8"?>
<!-- Generated by org.testng.reporters.JUnitReportReporter -->
<testsuite hostname="clixserver" failures="0" tests="4" name="cucumberOptions.TestRunner" time="23.940" errors="0" timestamp="2021-10-18T13:26:00 IST" skipped="0">
  <testcase classname="cucumberOptions.TestRunner" name="runScenario" time="8.196"/>
  <system-out/>
  <testcase classname="cucumberOptions.TestRunner" name="runScenario" time="5.188"/>
  <system-out/>
  <testcase classname="cucumberOptions.TestRunner" name="runScenario" time="5.461"/>
  <system-out/>
  <testcase classname="cucumberOptions.TestRunner" name="runScenario" time="5.095"/>
  <system-out/>
</testsuite> <!-- cucumberOptions.TestRunner -->
