<?xml version="1.0" encoding="UTF-8"?>
<!-- Generated by org.testng.reporters.JUnitReportReporter -->
<testsuite hostname="clix-Inspiron-7560" failures="0" tests="4" name="com.clix.clixoerwebsite.CoolOerMathematicsFilter" time="28.612" errors="0" timestamp="2022-01-13T11:48:20 IST" skipped="0">
  <testcase classname="com.clix.clixoerwebsite.CoolOerMathematicsFilter" name="verifyTheMathematicsFilterOptionIsChecked" time="8.436"/>
  <system-out/>
  <testcase classname="com.clix.clixoerwebsite.CoolOerMathematicsFilter" name="verifyTheResoucesTitleForMathematicsFilter" time="0.096"/>
  <system-out/>
  <testcase classname="com.clix.clixoerwebsite.CoolOerMathematicsFilter" name="verifyTheNumberOfLinksForMathematicsFilter" time="0.048"/>
  <system-out/>
  <testcase classname="com.clix.clixoerwebsite.CoolOerMathematicsFilter" name="verifyTheNumberOfResourcesForMathematicsFilter" time="20.032"/>
  <system-out/>
</testsuite> <!-- com.clix.clixoerwebsite.CoolOerMathematicsFilter -->
