<?xml version="1.0" encoding="UTF-8"?>
<!-- Generated by org.testng.reporters.JUnitReportReporter -->
<testsuite hostname="clix-Inspiron-7560" failures="0" tests="4" name="com.clix.clixoerwebsite.CoolOerTamilResourceFilter" time="14.696" errors="0" timestamp="2021-11-17T16:45:42 IST" skipped="0">
  <testcase classname="com.clix.clixoerwebsite.CoolOerTamilResourceFilter" name="verifyTheNumberOfLinksOnPageForTamilFilter" time="2.079"/>
  <system-out/>
  <testcase classname="com.clix.clixoerwebsite.CoolOerTamilResourceFilter" name="verifyTheNumberOfResourcesForTamilFilter" time="12.050"/>
  <system-out/>
  <testcase classname="com.clix.clixoerwebsite.CoolOerTamilResourceFilter" name="verifyTheResourcesTitleForTamilFilter" time="0.076"/>
  <system-out/>
  <testcase classname="com.clix.clixoerwebsite.CoolOerTamilResourceFilter" name="verifyTamilLanguageSupportOptionIsChecked" time="0.491"/>
  <system-out/>
</testsuite> <!-- com.clix.clixoerwebsite.CoolOerTamilResourceFilter -->
