<?xml version="1.0" encoding="UTF-8"?>
<!-- Generated by org.testng.reporters.JUnitReportReporter -->
<testsuite hostname="clixserver" failures="0" tests="10" name="com.clix.clixoerwebsite.CheckMathsCheckboxContentinTelegu" time="11.044" errors="0" timestamp="2021-10-18T13:26:00 IST" skipped="0">
  <testcase classname="com.clix.clixoerwebsite.CheckMathsCheckboxContentinTelegu" name="verifyMathsmodulesinTelegucheckbox" time="2.885"/>
  <system-out/>
  <testcase classname="com.clix.clixoerwebsite.CheckMathsCheckboxContentinTelegu" name="countLinks" time="0.033"/>
  <system-out/>
  <testcase classname="com.clix.clixoerwebsite.CheckMathsCheckboxContentinTelegu" name="verifyMathsmodulesinTelegucheckbox" time="2.520"/>
  <system-out/>
  <testcase classname="com.clix.clixoerwebsite.CheckMathsCheckboxContentinTelegu" name="countMathsModules" time="0.121"/>
  <system-out/>
  <testcase classname="com.clix.clixoerwebsite.CheckMathsCheckboxContentinTelegu" name="countLinks" time="0.036"/>
  <system-out/>
  <testcase classname="com.clix.clixoerwebsite.CheckMathsCheckboxContentinTelegu" name="countMathsModules" time="0.129"/>
  <system-out/>
  <testcase classname="com.clix.clixoerwebsite.CheckMathsCheckboxContentinTelegu" name="checkMathsContentChecked" time="1.258"/>
  <system-out/>
  <testcase classname="com.clix.clixoerwebsite.CheckMathsCheckboxContentinTelegu" name="basePageNavigation" time="1.413"/>
  <system-out/>
  <testcase classname="com.clix.clixoerwebsite.CheckMathsCheckboxContentinTelegu" name="checkMathsContentChecked" time="1.244"/>
  <system-out/>
  <testcase classname="com.clix.clixoerwebsite.CheckMathsCheckboxContentinTelegu" name="basePageNavigation" time="1.405"/>
  <system-out/>
</testsuite> <!-- com.clix.clixoerwebsite.CheckMathsCheckboxContentinTelegu -->
