<?xml version="1.0" encoding="UTF-8"?>
<!-- Generated by org.testng.reporters.JUnitReportReporter -->
<testsuite hostname="clix-Inspiron-7560" failures="0" tests="5" name="com.clix.clixoerwebsite.CheckMathsCheckboxContentinEnglish" time="3.749" errors="0" timestamp="2021-11-17T16:45:42 IST" skipped="0">
  <testcase classname="com.clix.clixoerwebsite.CheckMathsCheckboxContentinEnglish" name="verifyMathsmodulesinEnglishcheckbox" time="0.117"/>
  <system-out/>
  <testcase classname="com.clix.clixoerwebsite.CheckMathsCheckboxContentinEnglish" name="countLinks" time="0.026"/>
  <system-out/>
  <testcase classname="com.clix.clixoerwebsite.CheckMathsCheckboxContentinEnglish" name="countMathsModules" time="0.084"/>
  <system-out/>
  <testcase classname="com.clix.clixoerwebsite.CheckMathsCheckboxContentinEnglish" name="checkMathsContentChecked" time="2.037"/>
  <system-out/>
  <testcase classname="com.clix.clixoerwebsite.CheckMathsCheckboxContentinEnglish" name="basePageNavigation" time="1.485"/>
  <system-out/>
</testsuite> <!-- com.clix.clixoerwebsite.CheckMathsCheckboxContentinEnglish -->
