<?xml version="1.0" encoding="UTF-8"?>
<!-- Generated by org.testng.reporters.JUnitReportReporter -->
<testsuite hostname="clix-Inspiron-7560" failures="0" tests="5" name="com.clix.clixoerwebsite.Checki2cCheckboxContentinEnglish" time="5.897" errors="0" timestamp="2022-03-03T19:21:48 IST" skipped="0">
  <testcase classname="com.clix.clixoerwebsite.Checki2cCheckboxContentinEnglish" name="counti2cModules" time="1.016"/>
  <system-out/>
  <testcase classname="com.clix.clixoerwebsite.Checki2cCheckboxContentinEnglish" name="basePageNavigation" time="4.218"/>
  <system-out/>
  <testcase classname="com.clix.clixoerwebsite.Checki2cCheckboxContentinEnglish" name="checki2cContentChecked" time="0.538"/>
  <system-out/>
  <testcase classname="com.clix.clixoerwebsite.Checki2cCheckboxContentinEnglish" name="countLinks" time="0.017"/>
  <system-out/>
  <testcase classname="com.clix.clixoerwebsite.Checki2cCheckboxContentinEnglish" name="verifyi2cmodulesinEnglishcheckbox" time="0.108"/>
  <system-out/>
</testsuite> <!-- com.clix.clixoerwebsite.Checki2cCheckboxContentinEnglish -->
