<?xml version="1.0" encoding="UTF-8"?>
<!-- Generated by org.testng.reporters.JUnitReportReporter -->
<testsuite hostname="clixserver" failures="0" tests="5" name="com.clix.clixoerwebsite.CheckScienceCheckboxContentinEnglish" time="3.513" errors="0" timestamp="2021-09-29T13:53:49 IST" skipped="0">
  <testcase classname="com.clix.clixoerwebsite.CheckScienceCheckboxContentinEnglish" name="countLinks" time="0.039"/>
  <system-out/>
  <testcase classname="com.clix.clixoerwebsite.CheckScienceCheckboxContentinEnglish" name="checkScienceContentChecked" time="1.386"/>
  <system-out/>
  <testcase classname="com.clix.clixoerwebsite.CheckScienceCheckboxContentinEnglish" name="basePageNavigation" time="1.843"/>
  <system-out/>
  <testcase classname="com.clix.clixoerwebsite.CheckScienceCheckboxContentinEnglish" name="countScienceModules" time="0.122"/>
  <system-out/>
  <testcase classname="com.clix.clixoerwebsite.CheckScienceCheckboxContentinEnglish" name="verifySciencemodulesinEnglishcheckbox" time="0.123"/>
  <system-out/>
</testsuite> <!-- com.clix.clixoerwebsite.CheckScienceCheckboxContentinEnglish -->
