<?xml version="1.0" encoding="UTF-8"?>
<!-- Generated by org.testng.reporters.JUnitReportReporter -->
<testsuite skipped="0" hostname="LAPTOP-7SNE49UA" name="com.clix.clixoerwebsite.CheckInteractives" tests="2" failures="0" timestamp="03 May 2021 07:25:13 GMT" time="22.603" errors="0">
  <testcase name="checkPaginationInteractives" time="21.287" classname="com.clix.clixoerwebsite.CheckInteractives"/>
  <testcase name="checkModuleExist" time="1.316" classname="com.clix.clixoerwebsite.CheckInteractives"/>
</testsuite> <!-- com.clix.clixoerwebsite.CheckInteractives -->
