<?xml version="1.0" encoding="UTF-8"?>
<!-- Generated by org.testng.reporters.JUnitReportReporter -->
<testsuite skipped="0" hostname="LAPTOP-7SNE49UA" name="com.clix.clixoerwebsite.CheckPaginationContent" tests="1" failures="0" timestamp="03 May 2021 07:25:13 GMT" time="21.044" errors="0">
  <testcase name="checkPagnationExists" time="21.044" classname="com.clix.clixoerwebsite.CheckPaginationContent"/>
</testsuite> <!-- com.clix.clixoerwebsite.CheckPaginationContent -->
