<?xml version="1.0" encoding="UTF-8"?>
<!-- Generated by org.testng.reporters.JUnitReportReporter -->
<testsuite hostname="clix-Inspiron-7560" failures="0" tests="4" name="com.clix.clixoerwebsite.DomainEnglishValidation" time="7.441" errors="0" timestamp="2022-03-03T19:21:48 IST" skipped="0">
  <testcase classname="com.clix.clixoerwebsite.DomainEnglishValidation" name="verifyEnglishOptionUnderDomainIsSelected" time="7.275"/>
  <system-out/>
  <testcase classname="com.clix.clixoerwebsite.DomainEnglishValidation" name="verifyTheNumberOfEnglishModules" time="0.020"/>
  <system-out/>
  <testcase classname="com.clix.clixoerwebsite.DomainEnglishValidation" name="verifyNumberOfLinkOnPage" time="0.059"/>
  <system-out/>
  <testcase classname="com.clix.clixoerwebsite.DomainEnglishValidation" name="verifyTheNameOfEnglishModules" time="0.087"/>
  <system-out/>
</testsuite> <!-- com.clix.clixoerwebsite.DomainEnglishValidation -->
