<?xml version="1.0" encoding="UTF-8"?>
<!-- Generated by org.testng.reporters.JUnitReportReporter -->
<testsuite hostname="clix-Inspiron-7560" failures="0" tests="4" name="com.clix.clixoerwebsite.CoolOerMathematicsFilter" time="28.795" errors="0" timestamp="2021-11-17T16:45:42 IST" skipped="0">
  <testcase classname="com.clix.clixoerwebsite.CoolOerMathematicsFilter" name="verifyTheMathematicsFilterOptionIsChecked" time="8.485"/>
  <system-out/>
  <testcase classname="com.clix.clixoerwebsite.CoolOerMathematicsFilter" name="verifyTheNumberOfResourcesForMathematicsFilter" time="20.108"/>
  <system-out/>
  <testcase classname="com.clix.clixoerwebsite.CoolOerMathematicsFilter" name="verifyTheNumberOfLinksForMathematicsFilter" time="0.039"/>
  <system-out/>
  <testcase classname="com.clix.clixoerwebsite.CoolOerMathematicsFilter" name="verifyTheResoucesTitleForMathematicsFilter" time="0.163"/>
  <system-out/>
</testsuite> <!-- com.clix.clixoerwebsite.CoolOerMathematicsFilter -->
