<?xml version="1.0" encoding="UTF-8"?>
<!-- Generated by org.testng.reporters.JUnitReportReporter -->
<testsuite hostname="clixserver" failures="0" tests="2" name="com.clix.clixoerwebsite.FooterAboutLinkValidation" time="3.313" errors="0" timestamp="2021-10-18T13:26:00 IST" skipped="0">
  <testcase classname="com.clix.clixoerwebsite.FooterAboutLinkValidation" name="verifyAboutLinkValidation" time="3.069"/>
  <system-out/>
  <testcase classname="com.clix.clixoerwebsite.FooterAboutLinkValidation" name="verifyAboutLinkIsDisplayed" time="0.244"/>
  <system-out/>
</testsuite> <!-- com.clix.clixoerwebsite.FooterAboutLinkValidation -->
