<?xml version="1.0" encoding="UTF-8"?>
<!-- Generated by org.testng.reporters.JUnitReportReporter -->
<testsuite hostname="clix-Inspiron-7560" failures="0" tests="4" name="com.clix.clixoerwebsite.CoolOerScienceFilter" time="28.648" errors="0" timestamp="2021-11-17T16:45:42 IST" skipped="0">
  <testcase classname="com.clix.clixoerwebsite.CoolOerScienceFilter" name="verifyTheResoucesTitleForScienceFilter" time="0.131"/>
  <system-out/>
  <testcase classname="com.clix.clixoerwebsite.CoolOerScienceFilter" name="verifyTheNumberOfResourcesForScienceFilter" time="20.067"/>
  <system-out/>
  <testcase classname="com.clix.clixoerwebsite.CoolOerScienceFilter" name="verifyTheArtFilterOptionIsChecked" time="8.418"/>
  <system-out/>
  <testcase classname="com.clix.clixoerwebsite.CoolOerScienceFilter" name="verifyTheNumberOfLinksForScienceFilter" time="0.032"/>
  <system-out/>
</testsuite> <!-- com.clix.clixoerwebsite.CoolOerScienceFilter -->
