<?xml version="1.0" encoding="UTF-8"?>
<!-- Generated by org.testng.reporters.JUnitReportReporter -->
<testsuite hostname="clixserver" failures="0" tests="4" name="com.clix.clixoerwebsite.CoolOerPunjabiResourceFilter" time="24.541" errors="0" timestamp="2021-09-29T13:53:49 IST" skipped="0">
  <testcase classname="com.clix.clixoerwebsite.CoolOerPunjabiResourceFilter" name="verifyTheResourcesTitleForPunjabiFilter" time="0.069"/>
  <system-out/>
  <testcase classname="com.clix.clixoerwebsite.CoolOerPunjabiResourceFilter" name="verifyPunjabiLanguageSupportOptionIsChecked" time="0.353"/>
  <system-out/>
  <testcase classname="com.clix.clixoerwebsite.CoolOerPunjabiResourceFilter" name="verifyTheNumberOfResourcesForPunjabiFilter" time="22.091"/>
  <system-out/>
  <testcase classname="com.clix.clixoerwebsite.CoolOerPunjabiResourceFilter" name="verifyTheNumberOfLinksOnPageForPunjabiFilter" time="2.028"/>
  <system-out/>
</testsuite> <!-- com.clix.clixoerwebsite.CoolOerPunjabiResourceFilter -->
