<?xml version="1.0" encoding="UTF-8"?>
<!-- Generated by org.testng.reporters.JUnitReportReporter -->
<testsuite hostname="clix-Inspiron-7560" failures="0" tests="4" name="com.clix.clixoerwebsite.DomainMathValidation" time="7.854" errors="0" timestamp="2022-03-03T19:21:48 IST" skipped="0">
  <testcase classname="com.clix.clixoerwebsite.DomainMathValidation" name="verifyTheNumberOfMathModules" time="0.012"/>
  <system-out/>
  <testcase classname="com.clix.clixoerwebsite.DomainMathValidation" name="verifyTheTitleOfMathModulePage" time="0.071"/>
  <system-out/>
  <testcase classname="com.clix.clixoerwebsite.DomainMathValidation" name="verifyDomainMathOptionIsSelected" time="7.728"/>
  <system-out/>
  <testcase classname="com.clix.clixoerwebsite.DomainMathValidation" name="verifyTheNumberOfLinksOnPage" time="0.043"/>
  <system-out/>
</testsuite> <!-- com.clix.clixoerwebsite.DomainMathValidation -->
