<?xml version="1.0" encoding="UTF-8"?>
<!-- Generated by org.testng.reporters.JUnitReportReporter -->
<testsuite skipped="0" hostname="LAPTOP-7SNE49UA" name="com.clix.clixoerwebsite.HomePageModulesCheck" tests="2" failures="0" timestamp="19 Apr 2021 08:33:30 GMT" time="1.733" errors="0">
  <testcase name="checkModuleExist" time="1.516" classname="com.clix.clixoerwebsite.HomePageModulesCheck"/>
  <testcase name="checkPrevPaginationDisabled" time="0.217" classname="com.clix.clixoerwebsite.HomePageModulesCheck"/>
</testsuite> <!-- com.clix.clixoerwebsite.HomePageModulesCheck -->
