<?xml version="1.0" encoding="UTF-8"?>
<!-- Generated by org.testng.reporters.JUnitReportReporter -->
<testsuite hostname="clixserver" failures="0" tests="4" name="com.clix.clixoerwebsite.DomainScienceValidation" time="4.133" errors="0" timestamp="2021-09-29T13:53:49 IST" skipped="0">
  <testcase classname="com.clix.clixoerwebsite.DomainScienceValidation" name="verifyDomainScienceOptionIsSelected" time="3.733"/>
  <system-out/>
  <testcase classname="com.clix.clixoerwebsite.DomainScienceValidation" name="verifyTheScienceModuleTitles" time="0.185"/>
  <system-out/>
  <testcase classname="com.clix.clixoerwebsite.DomainScienceValidation" name="verifyTheNumberOfLinksOnScienceDomainPage" time="0.126"/>
  <system-out/>
  <testcase classname="com.clix.clixoerwebsite.DomainScienceValidation" name="verifyTheNumberOfScienceModules" time="0.089"/>
  <system-out/>
</testsuite> <!-- com.clix.clixoerwebsite.DomainScienceValidation -->
