<?xml version="1.0" encoding="UTF-8"?>
<!-- Generated by org.testng.reporters.JUnitReportReporter -->
<testsuite hostname="clixserver" failures="0" tests="10" name="com.clix.clixoerwebsite.CheckMathsCheckboxContentinEnglish" time="6.297" errors="0" timestamp="2021-09-29T13:53:49 IST" skipped="0">
  <testcase classname="com.clix.clixoerwebsite.CheckMathsCheckboxContentinEnglish" name="verifyMathsmodulesinEnglishcheckbox" time="0.075"/>
  <system-out/>
  <testcase classname="com.clix.clixoerwebsite.CheckMathsCheckboxContentinEnglish" name="basePageNavigation" time="1.736"/>
  <system-out/>
  <testcase classname="com.clix.clixoerwebsite.CheckMathsCheckboxContentinEnglish" name="basePageNavigation" time="1.593"/>
  <system-out/>
  <testcase classname="com.clix.clixoerwebsite.CheckMathsCheckboxContentinEnglish" name="checkMathsContentChecked" time="1.182"/>
  <system-out/>
  <testcase classname="com.clix.clixoerwebsite.CheckMathsCheckboxContentinEnglish" name="countMathsModules" time="0.119"/>
  <system-out/>
  <testcase classname="com.clix.clixoerwebsite.CheckMathsCheckboxContentinEnglish" name="checkMathsContentChecked" time="1.283"/>
  <system-out/>
  <testcase classname="com.clix.clixoerwebsite.CheckMathsCheckboxContentinEnglish" name="countLinks" time="0.034"/>
  <system-out/>
  <testcase classname="com.clix.clixoerwebsite.CheckMathsCheckboxContentinEnglish" name="countLinks" time="0.046"/>
  <system-out/>
  <testcase classname="com.clix.clixoerwebsite.CheckMathsCheckboxContentinEnglish" name="countMathsModules" time="0.132"/>
  <system-out/>
  <testcase classname="com.clix.clixoerwebsite.CheckMathsCheckboxContentinEnglish" name="verifyMathsmodulesinEnglishcheckbox" time="0.097"/>
  <system-out/>
</testsuite> <!-- com.clix.clixoerwebsite.CheckMathsCheckboxContentinEnglish -->
