<?xml version="1.0" encoding="UTF-8"?>
<!-- Generated by org.testng.reporters.JUnitReportReporter -->
<testsuite hostname="clixserver" failures="0" tests="1" name="com.clix.clixoerwebsite.HomePageLinks" time="0.167" errors="0" timestamp="2021-09-29T13:53:49 IST" skipped="0">
  <testcase classname="com.clix.clixoerwebsite.HomePageLinks" name="countLinkss" time="0.167"/>
  <system-out/>
</testsuite> <!-- com.clix.clixoerwebsite.HomePageLinks -->
