<?xml version="1.0" encoding="UTF-8"?>
<!-- Generated by org.testng.reporters.JUnitReportReporter -->
<testsuite hostname="clixserver" failures="0" tests="2" name="com.clix.clixoerwebsite.FooterCreditLinkValidation" time="1.896" errors="0" timestamp="2021-10-18T13:26:00 IST" skipped="0">
  <testcase classname="com.clix.clixoerwebsite.FooterCreditLinkValidation" name="verifyCreditLinkIsDisplayed" time="0.186"/>
  <system-out/>
  <testcase classname="com.clix.clixoerwebsite.FooterCreditLinkValidation" name="verifyCreditLinkValidation" time="1.710"/>
  <system-out/>
</testsuite> <!-- com.clix.clixoerwebsite.FooterCreditLinkValidation -->
