<?xml version="1.0" encoding="UTF-8"?>
<!-- Generated by org.testng.reporters.JUnitReportReporter -->
<testsuite hostname="clixserver" failures="0" tests="2" name="com.clix.clixoerwebsite.HandbooksValidation" time="23.446" errors="0" timestamp="2021-10-18T13:26:00 IST" skipped="0">
  <testcase classname="com.clix.clixoerwebsite.HandbooksValidation" name="checkModuleExist" time="1.751"/>
  <system-out/>
  <testcase classname="com.clix.clixoerwebsite.HandbooksValidation" name="checkPaginationInteractives" time="21.695"/>
  <system-out/>
</testsuite> <!-- com.clix.clixoerwebsite.HandbooksValidation -->
