<?xml version="1.0" encoding="UTF-8"?>
<!-- Generated by org.testng.reporters.JUnitReportReporter -->
<testsuite hostname="clixserver" failures="0" tests="2" name="com.clix.clixoerwebsite.AboutPageTest" time="9.865" errors="0" timestamp="2021-09-29T13:53:49 IST" skipped="0">
  <testcase classname="com.clix.clixoerwebsite.AboutPageTest" name="basePageNavigation" time="6.842"/>
  <system-out/>
  <testcase classname="com.clix.clixoerwebsite.AboutPageTest" name="basePageNavigation" time="3.023"/>
  <system-out/>
</testsuite> <!-- com.clix.clixoerwebsite.AboutPageTest -->
