<?xml version="1.0" encoding="UTF-8"?>
<!-- Generated by org.testng.reporters.JUnitReportReporter -->
<testsuite hostname="clixserver" failures="0" tests="2" name="com.clix.clixoerwebsite.FooterPrivacyPolicyLinkValidation" time="2.112" errors="0" timestamp="2021-10-18T13:26:00 IST" skipped="0">
  <testcase classname="com.clix.clixoerwebsite.FooterPrivacyPolicyLinkValidation" name="verifyPrivacyPolicyLinkValidation" time="1.950"/>
  <system-out/>
  <testcase classname="com.clix.clixoerwebsite.FooterPrivacyPolicyLinkValidation" name="verifyPrivacyPolicyLinkIsDisplayed" time="0.162"/>
  <system-out/>
</testsuite> <!-- com.clix.clixoerwebsite.FooterPrivacyPolicyLinkValidation -->
