<?xml version="1.0" encoding="UTF-8"?>
<!-- Generated by org.testng.reporters.JUnitReportReporter -->
<testsuite skipped="5" hostname="LAPTOP-7SNE49UA" name="com.clix.clixoerwebsite.CheckMathsCheckboxContent" tests="5" failures="0" timestamp="20 Oct 2020 07:44:51 GMT" time="0.000" errors="0">
  <testcase name="countMathsModules" time="0.000" classname="com.clix.clixoerwebsite.CheckMathsCheckboxContent">
    <skipped/>
  </testcase> <!-- countMathsModules -->
  <testcase name="verifyMathsmodulesinEnglishcheckbox" time="0.000" classname="com.clix.clixoerwebsite.CheckMathsCheckboxContent">
    <skipped/>
  </testcase> <!-- verifyMathsmodulesinEnglishcheckbox -->
  <testcase name="countLinks" time="0.000" classname="com.clix.clixoerwebsite.CheckMathsCheckboxContent">
    <skipped/>
  </testcase> <!-- countLinks -->
  <testcase name="checkMathsContentChecked" time="0.000" classname="com.clix.clixoerwebsite.CheckMathsCheckboxContent">
    <skipped/>
  </testcase> <!-- checkMathsContentChecked -->
  <testcase name="basePageNavigation" time="0.000" classname="com.clix.clixoerwebsite.CheckMathsCheckboxContent">
    <skipped/>
  </testcase> <!-- basePageNavigation -->
</testsuite> <!-- com.clix.clixoerwebsite.CheckMathsCheckboxContent -->
