<?xml version="1.0" encoding="UTF-8"?>
<!-- Generated by org.testng.reporters.JUnitReportReporter -->
<testsuite hostname="clixserver" failures="0" tests="4" name="com.clix.clixoerwebsite.CheckEnglishCheckboxContentinHindi" time="5.316" errors="0" timestamp="2021-10-18T13:26:00 IST" skipped="0">
  <testcase classname="com.clix.clixoerwebsite.CheckEnglishCheckboxContentinHindi" name="verifyEnglishmodulesinHindicheckbox" time="2.633"/>
  <system-out/>
  <testcase classname="com.clix.clixoerwebsite.CheckEnglishCheckboxContentinHindi" name="checkEnglishContentCheckedinHindi" time="1.159"/>
  <system-out/>
  <testcase classname="com.clix.clixoerwebsite.CheckEnglishCheckboxContentinHindi" name="basePageNavigation" time="1.388"/>
  <system-out/>
  <testcase classname="com.clix.clixoerwebsite.CheckEnglishCheckboxContentinHindi" name="countEnglishModulesinHindi" time="0.136"/>
  <system-out/>
</testsuite> <!-- com.clix.clixoerwebsite.CheckEnglishCheckboxContentinHindi -->
