<?xml version="1.0" encoding="UTF-8"?>
<!-- Generated by org.testng.reporters.JUnitReportReporter -->
<testsuite hostname="clixserver" failures="0" tests="5" name="com.clix.clixoerwebsite.Checki2cCheckboxContentinEnglish" time="3.304" errors="0" timestamp="2021-09-29T13:53:49 IST" skipped="0">
  <testcase classname="com.clix.clixoerwebsite.Checki2cCheckboxContentinEnglish" name="verifyi2cmodulesinEnglishcheckbox" time="0.085"/>
  <system-out/>
  <testcase classname="com.clix.clixoerwebsite.Checki2cCheckboxContentinEnglish" name="countLinks" time="0.075"/>
  <system-out/>
  <testcase classname="com.clix.clixoerwebsite.Checki2cCheckboxContentinEnglish" name="counti2cModules" time="1.021"/>
  <system-out/>
  <testcase classname="com.clix.clixoerwebsite.Checki2cCheckboxContentinEnglish" name="basePageNavigation" time="1.642"/>
  <system-out/>
  <testcase classname="com.clix.clixoerwebsite.Checki2cCheckboxContentinEnglish" name="checki2cContentChecked" time="0.481"/>
  <system-out/>
</testsuite> <!-- com.clix.clixoerwebsite.Checki2cCheckboxContentinEnglish -->
