<?xml version="1.0" encoding="UTF-8"?>
<!-- Generated by org.testng.reporters.JUnitReportReporter -->
<testsuite hostname="clix-Inspiron-7560" failures="0" tests="4" name="com.clix.clixoerwebsite.CoolOerLanguageFilter" time="28.603" errors="0" timestamp="2022-01-13T11:48:20 IST" skipped="0">
  <testcase classname="com.clix.clixoerwebsite.CoolOerLanguageFilter" name="verifyTheNumberOfLinksForLanguageFilter" time="0.038"/>
  <system-out/>
  <testcase classname="com.clix.clixoerwebsite.CoolOerLanguageFilter" name="verifyTheNumberOfResourcesForLanguageFilter" time="20.040"/>
  <system-out/>
  <testcase classname="com.clix.clixoerwebsite.CoolOerLanguageFilter" name="verifyTheLanguageFilterOptionIsChecked" time="8.475"/>
  <system-out/>
  <testcase classname="com.clix.clixoerwebsite.CoolOerLanguageFilter" name="verifyTheResoucesTitleForLanguageFilter" time="0.050"/>
  <system-out/>
</testsuite> <!-- com.clix.clixoerwebsite.CoolOerLanguageFilter -->
