<?xml version="1.0" encoding="UTF-8"?>
<!-- Generated by org.testng.reporters.JUnitReportReporter -->
<testsuite hostname="clixserver" failures="0" tests="1" name="com.clix.clixoerwebsite.CheckPaginationContent" time="22.164" errors="0" timestamp="2021-09-29T13:53:49 IST" skipped="0">
  <testcase classname="com.clix.clixoerwebsite.CheckPaginationContent" name="checkPagnationExists" time="22.164"/>
  <system-out/>
</testsuite> <!-- com.clix.clixoerwebsite.CheckPaginationContent -->
