<?xml version="1.0" encoding="UTF-8"?>
<!-- Generated by org.testng.reporters.JUnitReportReporter -->
<testsuite skipped="0" hostname="LAPTOP-7SNE49UA" name="cucumberOptions.TestRunner" tests="1" failures="0" timestamp="21 Jan 2021 04:52:59 GMT" time="19.542" errors="0">
  <testcase name="runScenario" time="19.542" classname="cucumberOptions.TestRunner"/>
</testsuite> <!-- cucumberOptions.TestRunner -->
