<?xml version="1.0" encoding="UTF-8"?>
<!-- Generated by org.testng.reporters.JUnitReportReporter -->
<testsuite hostname="clixserver" failures="0" tests="2" name="com.clix.clixoerwebsite.HandbooksValidation" time="24.575" errors="0" timestamp="2021-09-29T13:53:49 IST" skipped="0">
  <testcase classname="com.clix.clixoerwebsite.HandbooksValidation" name="checkPaginationInteractives" time="22.543"/>
  <system-out/>
  <testcase classname="com.clix.clixoerwebsite.HandbooksValidation" name="checkModuleExist" time="2.032"/>
  <system-out/>
</testsuite> <!-- com.clix.clixoerwebsite.HandbooksValidation -->
