<?xml version="1.0" encoding="UTF-8"?>
<!-- Generated by org.testng.reporters.JUnitReportReporter -->
<testsuite hostname="clix-Inspiron-7560" failures="0" tests="4" name="com.clix.clixoerwebsite.DomainEnglishValidation" time="6.736" errors="0" timestamp="2021-11-17T16:45:42 IST" skipped="0">
  <testcase classname="com.clix.clixoerwebsite.DomainEnglishValidation" name="verifyTheNumberOfEnglishModules" time="0.019"/>
  <system-out/>
  <testcase classname="com.clix.clixoerwebsite.DomainEnglishValidation" name="verifyNumberOfLinkOnPage" time="0.088"/>
  <system-out/>
  <testcase classname="com.clix.clixoerwebsite.DomainEnglishValidation" name="verifyTheNameOfEnglishModules" time="0.079"/>
  <system-out/>
  <testcase classname="com.clix.clixoerwebsite.DomainEnglishValidation" name="verifyEnglishOptionUnderDomainIsSelected" time="6.550"/>
  <system-out/>
</testsuite> <!-- com.clix.clixoerwebsite.DomainEnglishValidation -->
