<?xml version="1.0" encoding="UTF-8"?>
<!-- Generated by org.testng.reporters.JUnitReportReporter -->
<testsuite hostname="clix-Inspiron-7560" failures="0" tests="4" name="com.clix.clixoerwebsite.CoolOerMultipleSubjectFilter" time="10.832" errors="0" timestamp="2021-11-17T16:45:42 IST" skipped="0">
  <testcase classname="com.clix.clixoerwebsite.CoolOerMultipleSubjectFilter" name="verifyTheResourceTitleForMultipleSubjectFilter" time="0.238"/>
  <system-out/>
  <testcase classname="com.clix.clixoerwebsite.CoolOerMultipleSubjectFilter" name="verifyMultipleSubjectOptionIsChecked" time="8.488"/>
  <system-out/>
  <testcase classname="com.clix.clixoerwebsite.CoolOerMultipleSubjectFilter" name="verifyTheNumberOfLinksForMultipleSubjectFilter" time="2.067"/>
  <system-out/>
  <testcase classname="com.clix.clixoerwebsite.CoolOerMultipleSubjectFilter" name="verifyNumberOfResourcesForMultipleSubjectsFilter" time="0.039"/>
  <system-out/>
</testsuite> <!-- com.clix.clixoerwebsite.CoolOerMultipleSubjectFilter -->
