<?xml version="1.0" encoding="UTF-8"?>
<!-- Generated by org.testng.reporters.JUnitReportReporter -->
<testsuite hostname="clixserver" failures="0" tests="2" name="com.clix.clixoerwebsite.CheckInteractives" time="24.314" errors="0" timestamp="2021-09-29T13:53:49 IST" skipped="0">
  <testcase classname="com.clix.clixoerwebsite.CheckInteractives" name="checkModuleExist" time="1.765"/>
  <system-out/>
  <testcase classname="com.clix.clixoerwebsite.CheckInteractives" name="checkPaginationInteractives" time="22.549"/>
  <system-out/>
</testsuite> <!-- com.clix.clixoerwebsite.CheckInteractives -->
