<?xml version="1.0" encoding="UTF-8"?>
<!-- Generated by org.testng.reporters.JUnitReportReporter -->
<testsuite hostname="clix-Inspiron-7560" failures="0" tests="1" name="com.clix.clixoerwebsite.CheckPaginationContent" time="30.495" errors="0" timestamp="2022-03-03T19:21:48 IST" skipped="0">
  <testcase classname="com.clix.clixoerwebsite.CheckPaginationContent" name="checkPagnationExists" time="30.495"/>
  <system-out/>
</testsuite> <!-- com.clix.clixoerwebsite.CheckPaginationContent -->
