<?xml version="1.0" encoding="UTF-8"?>
<!-- Generated by org.testng.reporters.JUnitReportReporter -->
<testsuite hostname="clixserver" failures="0" tests="5" name="com.clix.clixoerwebsite.Checki2cCheckboxContentinEnglish" time="2.948" errors="0" timestamp="2021-10-18T13:26:00 IST" skipped="0">
  <testcase classname="com.clix.clixoerwebsite.Checki2cCheckboxContentinEnglish" name="countLinks" time="0.055"/>
  <system-out/>
  <testcase classname="com.clix.clixoerwebsite.Checki2cCheckboxContentinEnglish" name="counti2cModules" time="1.030"/>
  <system-out/>
  <testcase classname="com.clix.clixoerwebsite.Checki2cCheckboxContentinEnglish" name="verifyi2cmodulesinEnglishcheckbox" time="0.080"/>
  <system-out/>
  <testcase classname="com.clix.clixoerwebsite.Checki2cCheckboxContentinEnglish" name="basePageNavigation" time="1.322"/>
  <system-out/>
  <testcase classname="com.clix.clixoerwebsite.Checki2cCheckboxContentinEnglish" name="checki2cContentChecked" time="0.461"/>
  <system-out/>
</testsuite> <!-- com.clix.clixoerwebsite.Checki2cCheckboxContentinEnglish -->
