<?xml version="1.0" encoding="UTF-8"?>
<!-- Generated by org.testng.reporters.JUnitReportReporter -->
<testsuite hostname="clix-Inspiron-7560" failures="0" tests="5" name="com.clix.clixoerwebsite.CheckMathsCheckboxContentinEnglish" time="6.182" errors="0" timestamp="2022-03-03T19:21:48 IST" skipped="0">
  <testcase classname="com.clix.clixoerwebsite.CheckMathsCheckboxContentinEnglish" name="checkMathsContentChecked" time="1.378"/>
  <system-out/>
  <testcase classname="com.clix.clixoerwebsite.CheckMathsCheckboxContentinEnglish" name="basePageNavigation" time="4.455"/>
  <system-out/>
  <testcase classname="com.clix.clixoerwebsite.CheckMathsCheckboxContentinEnglish" name="verifyMathsmodulesinEnglishcheckbox" time="0.065"/>
  <system-out/>
  <testcase classname="com.clix.clixoerwebsite.CheckMathsCheckboxContentinEnglish" name="countLinksOnEntirePageAfterFilter" time="0.035"/>
  <system-out/>
  <testcase classname="com.clix.clixoerwebsite.CheckMathsCheckboxContentinEnglish" name="countMathsModules" time="0.249"/>
  <system-out/>
</testsuite> <!-- com.clix.clixoerwebsite.CheckMathsCheckboxContentinEnglish -->
