<?xml version="1.0" encoding="UTF-8"?>
<!-- Generated by org.testng.reporters.JUnitReportReporter -->
<testsuite hostname="clixserver" failures="0" tests="4" name="com.clix.clixoerwebsite.DomainEnglishValidation" time="3.778" errors="0" timestamp="2021-09-29T13:53:49 IST" skipped="0">
  <testcase classname="com.clix.clixoerwebsite.DomainEnglishValidation" name="verifyNumberOfLinkOnPage" time="0.108"/>
  <system-out/>
  <testcase classname="com.clix.clixoerwebsite.DomainEnglishValidation" name="verifyTheNameOfEnglishModules" time="0.155"/>
  <system-out/>
  <testcase classname="com.clix.clixoerwebsite.DomainEnglishValidation" name="verifyEnglishOptionUnderDomainIsSelected" time="3.492"/>
  <system-out/>
  <testcase classname="com.clix.clixoerwebsite.DomainEnglishValidation" name="verifyTheNumberOfEnglishModules" time="0.023"/>
  <system-out/>
</testsuite> <!-- com.clix.clixoerwebsite.DomainEnglishValidation -->
