<?xml version="1.0" encoding="UTF-8"?>
<!-- Generated by org.testng.reporters.JUnitReportReporter -->
<testsuite hostname="clixserver" failures="0" tests="4" name="com.clix.clixoerwebsite.CoolOerTamilResourceFilter" time="14.559" errors="0" timestamp="2021-09-29T13:53:49 IST" skipped="0">
  <testcase classname="com.clix.clixoerwebsite.CoolOerTamilResourceFilter" name="verifyTheResourcesTitleForTamilFilter" time="0.096"/>
  <system-out/>
  <testcase classname="com.clix.clixoerwebsite.CoolOerTamilResourceFilter" name="verifyTheNumberOfLinksOnPageForTamilFilter" time="2.041"/>
  <system-out/>
  <testcase classname="com.clix.clixoerwebsite.CoolOerTamilResourceFilter" name="verifyTheNumberOfResourcesForTamilFilter" time="12.077"/>
  <system-out/>
  <testcase classname="com.clix.clixoerwebsite.CoolOerTamilResourceFilter" name="verifyTamilLanguageSupportOptionIsChecked" time="0.345"/>
  <system-out/>
</testsuite> <!-- com.clix.clixoerwebsite.CoolOerTamilResourceFilter -->
