<?xml version="1.0" encoding="UTF-8"?>
<!-- Generated by org.testng.reporters.JUnitReportReporter -->
<testsuite hostname="clixserver" failures="0" tests="4" name="com.clix.clixoerwebsite.CheckEnglishCheckboxContentinTelegu" time="5.076" errors="0" timestamp="2021-10-18T13:26:00 IST" skipped="0">
  <testcase classname="com.clix.clixoerwebsite.CheckEnglishCheckboxContentinTelegu" name="countEnglishModulesinTelegu" time="0.116"/>
  <system-out/>
  <testcase classname="com.clix.clixoerwebsite.CheckEnglishCheckboxContentinTelegu" name="basePageNavigation" time="1.342"/>
  <system-out/>
  <testcase classname="com.clix.clixoerwebsite.CheckEnglishCheckboxContentinTelegu" name="checkEnglishContentCheckedinTelegu" time="1.121"/>
  <system-out/>
  <testcase classname="com.clix.clixoerwebsite.CheckEnglishCheckboxContentinTelegu" name="verifyEnglishmodulesinTelegucheckbox" time="2.497"/>
  <system-out/>
</testsuite> <!-- com.clix.clixoerwebsite.CheckEnglishCheckboxContentinTelegu -->
