<?xml version="1.0" encoding="UTF-8"?>
<!-- Generated by org.testng.reporters.JUnitReportReporter -->
<testsuite hostname="clixserver" failures="0" tests="10" name="com.clix.clixoerwebsite.CheckMathsCheckboxContentinEnglish" time="6.037" errors="0" timestamp="2021-10-18T13:26:00 IST" skipped="0">
  <testcase classname="com.clix.clixoerwebsite.CheckMathsCheckboxContentinEnglish" name="checkMathsContentChecked" time="1.357"/>
  <system-out/>
  <testcase classname="com.clix.clixoerwebsite.CheckMathsCheckboxContentinEnglish" name="basePageNavigation" time="1.415"/>
  <system-out/>
  <testcase classname="com.clix.clixoerwebsite.CheckMathsCheckboxContentinEnglish" name="verifyMathsmodulesinEnglishcheckbox" time="0.090"/>
  <system-out/>
  <testcase classname="com.clix.clixoerwebsite.CheckMathsCheckboxContentinEnglish" name="countLinks" time="0.048"/>
  <system-out/>
  <testcase classname="com.clix.clixoerwebsite.CheckMathsCheckboxContentinEnglish" name="countMathsModules" time="0.130"/>
  <system-out/>
  <testcase classname="com.clix.clixoerwebsite.CheckMathsCheckboxContentinEnglish" name="basePageNavigation" time="1.396"/>
  <system-out/>
  <testcase classname="com.clix.clixoerwebsite.CheckMathsCheckboxContentinEnglish" name="countLinks" time="0.044"/>
  <system-out/>
  <testcase classname="com.clix.clixoerwebsite.CheckMathsCheckboxContentinEnglish" name="verifyMathsmodulesinEnglishcheckbox" time="0.086"/>
  <system-out/>
  <testcase classname="com.clix.clixoerwebsite.CheckMathsCheckboxContentinEnglish" name="checkMathsContentChecked" time="1.339"/>
  <system-out/>
  <testcase classname="com.clix.clixoerwebsite.CheckMathsCheckboxContentinEnglish" name="countMathsModules" time="0.132"/>
  <system-out/>
</testsuite> <!-- com.clix.clixoerwebsite.CheckMathsCheckboxContentinEnglish -->
