<?xml version="1.0" encoding="UTF-8"?>
<!-- Generated by org.testng.reporters.JUnitReportReporter -->
<testsuite hostname="clix-Inspiron-7560" failures="0" tests="4" name="com.clix.clixoerwebsite.DomainScienceValidation" time="7.031" errors="0" timestamp="2021-11-17T16:45:42 IST" skipped="0">
  <testcase classname="com.clix.clixoerwebsite.DomainScienceValidation" name="verifyDomainScienceOptionIsSelected" time="6.704"/>
  <system-out/>
  <testcase classname="com.clix.clixoerwebsite.DomainScienceValidation" name="verifyTheNumberOfScienceModules" time="0.036"/>
  <system-out/>
  <testcase classname="com.clix.clixoerwebsite.DomainScienceValidation" name="verifyTheScienceModuleTitles" time="0.177"/>
  <system-out/>
  <testcase classname="com.clix.clixoerwebsite.DomainScienceValidation" name="verifyTheNumberOfLinksOnScienceDomainPage" time="0.114"/>
  <system-out/>
</testsuite> <!-- com.clix.clixoerwebsite.DomainScienceValidation -->
