<?xml version="1.0" encoding="UTF-8"?>
<!-- Generated by org.testng.reporters.JUnitReportReporter -->
<testsuite hostname="clix-Inspiron-7560" failures="0" tests="4" name="com.clix.clixoerwebsite.CoolOerLanguageFilter" time="28.720" errors="0" timestamp="2021-11-17T16:45:42 IST" skipped="0">
  <testcase classname="com.clix.clixoerwebsite.CoolOerLanguageFilter" name="verifyTheNumberOfLanguageForArtFilter" time="0.030"/>
  <system-out/>
  <testcase classname="com.clix.clixoerwebsite.CoolOerLanguageFilter" name="verifyTheLanguageFilterOptionIsChecked" time="8.532"/>
  <system-out/>
  <testcase classname="com.clix.clixoerwebsite.CoolOerLanguageFilter" name="verifyTheNumberOfResourcesForLanguageFilter" time="20.085"/>
  <system-out/>
  <testcase classname="com.clix.clixoerwebsite.CoolOerLanguageFilter" name="verifyTheResoucesTitleForArtFilter" time="0.073"/>
  <system-out/>
</testsuite> <!-- com.clix.clixoerwebsite.CoolOerLanguageFilter -->
