<?xml version="1.0" encoding="UTF-8"?>
<!-- Generated by org.testng.reporters.JUnitReportReporter -->
<testsuite hostname="clixserver" failures="0" tests="1" name="com.clix.clixoerwebsite.CheckPaginationContent" time="26.896" errors="0" timestamp="2021-10-18T13:26:00 IST" skipped="0">
  <testcase classname="com.clix.clixoerwebsite.CheckPaginationContent" name="checkPagnationExists" time="26.896"/>
  <system-out/>
</testsuite> <!-- com.clix.clixoerwebsite.CheckPaginationContent -->
