<?xml version="1.0" encoding="UTF-8"?>
<!-- Generated by org.testng.reporters.JUnitReportReporter -->
<testsuite skipped="0" hostname="LAPTOP-7SNE49UA" name="com.clix.clixoerwebsite.HomePage" tests="5" failures="0" timestamp="01 Aug 2020 09:08:58 GMT" time="4.713" errors="0">
  <testcase name="countEnglishModules" time="0.133" classname="com.clix.clixoerwebsite.HomePage"/>
  <testcase name="basePageNavigation" time="3.494" classname="com.clix.clixoerwebsite.HomePage"/>
  <testcase name="checkEnglishContentChecked" time="0.978" classname="com.clix.clixoerwebsite.HomePage"/>
  <testcase name="verifyEnglishmodulesinEnglishcheckbox" time="0.083" classname="com.clix.clixoerwebsite.HomePage"/>
  <testcase name="countLinks" time="0.025" classname="com.clix.clixoerwebsite.HomePage"/>
</testsuite> <!-- com.clix.clixoerwebsite.HomePage -->
