<?xml version="1.0" encoding="UTF-8"?>
<!-- Generated by org.testng.reporters.JUnitReportReporter -->
<testsuite skipped="0" hostname="LAPTOP-7SNE49UA" name="com.clix.clixoerwebsite.CheckMathsCheckboxContent" tests="5" failures="0" timestamp="01 Aug 2020 09:08:58 GMT" time="4.737" errors="0">
  <testcase name="verifyMathsmodulesinEnglishcheckbox" time="0.080" classname="com.clix.clixoerwebsite.CheckMathsCheckboxContent"/>
  <testcase name="countLinks" time="0.021" classname="com.clix.clixoerwebsite.CheckMathsCheckboxContent"/>
  <testcase name="checkMathsContentChecked" time="1.054" classname="com.clix.clixoerwebsite.CheckMathsCheckboxContent"/>
  <testcase name="basePageNavigation" time="3.469" classname="com.clix.clixoerwebsite.CheckMathsCheckboxContent"/>
  <testcase name="countMathsModules" time="0.113" classname="com.clix.clixoerwebsite.CheckMathsCheckboxContent"/>
</testsuite> <!-- com.clix.clixoerwebsite.CheckMathsCheckboxContent -->
